2022-03-11 23:07:39,833 uiname is MainWindow
2022-03-11 23:07:39,834 toplevel widget is QMainWindow
2022-03-11 23:07:39,834 setting property geometry
2022-03-11 23:07:39,834 setting property minimumSize
2022-03-11 23:07:39,834 setting property windowTitle
2022-03-11 23:07:39,834 push QMainWindow MainWindow
2022-03-11 23:07:39,834 push QWidget centralwidget
2022-03-11 23:07:39,835 push QGridLayout gridLayout_40
2022-03-11 23:07:39,835 push QGridLayout gridLayout_39
2022-03-11 23:07:39,835 push QGridLayout gridLayout_9
2022-03-11 23:07:39,835 setting property styleSheet
2022-03-11 23:07:39,835 setting property title
2022-03-11 23:07:39,835 push QGroupBox groupBox_7
2022-03-11 23:07:39,836 push QGridLayout gridLayout_20
2022-03-11 23:07:39,836 push QGridLayout gridLayout_22
2022-03-11 23:07:39,836 push QGridLayout gridLayout_23
2022-03-11 23:07:39,836 setting property font
2022-03-11 23:07:39,837 setting property text
2022-03-11 23:07:39,837 push QLabel label_14
2022-03-11 23:07:39,837 pop widget QLabel label_14
2022-03-11 23:07:39,837 new topwidget self.groupBox_7
2022-03-11 23:07:39,837 pop layout QGridLayout gridLayout_23
2022-03-11 23:07:39,837 push QGridLayout gridLayout_32
2022-03-11 23:07:39,837 push QGridLayout gridLayout_33
2022-03-11 23:07:39,837 push QGridLayout gridLayout_34
2022-03-11 23:07:39,838 setting property enabled
2022-03-11 23:07:39,838 setting property minimumSize
2022-03-11 23:07:39,838 setting property font
2022-03-11 23:07:39,838 setting property acceptDrops
2022-03-11 23:07:39,838 setting property iconSize
2022-03-11 23:07:39,838 push QComboBox comboBox_4
2022-03-11 23:07:39,838 pop widget QComboBox comboBox_4
2022-03-11 23:07:39,839 new topwidget self.groupBox_7
2022-03-11 23:07:39,839 pop layout QGridLayout gridLayout_34
2022-03-11 23:07:39,839 push QGridLayout gridLayout_35
2022-03-11 23:07:39,839 push QGridLayout gridLayout_36
2022-03-11 23:07:39,839 push QGridLayout gridLayout_37
2022-03-11 23:07:39,839 pop layout QGridLayout gridLayout_37
2022-03-11 23:07:39,840 setting property orientation
2022-03-11 23:07:39,840 push QSlider slider
2022-03-11 23:07:39,840 pop widget QSlider slider
2022-03-11 23:07:39,840 new topwidget self.groupBox_7
2022-03-11 23:07:39,840 pop layout QGridLayout gridLayout_36
2022-03-11 23:07:39,840 pop layout QGridLayout gridLayout_35
2022-03-11 23:07:39,840 pop layout QGridLayout gridLayout_33
2022-03-11 23:07:39,840 setting property enabled
2022-03-11 23:07:39,840 setting property minimumSize
2022-03-11 23:07:39,840 setting property font
2022-03-11 23:07:39,841 setting property acceptDrops
2022-03-11 23:07:39,841 setting property iconSize
2022-03-11 23:07:39,841 push QComboBox comboBox_6
2022-03-11 23:07:39,841 pop widget QComboBox comboBox_6
2022-03-11 23:07:39,841 new topwidget self.groupBox_7
2022-03-11 23:07:39,841 pop layout QGridLayout gridLayout_32
2022-03-11 23:07:39,841 pop layout QGridLayout gridLayout_22
2022-03-11 23:07:39,842 setting property orientation
2022-03-11 23:07:39,842 push QFrame line_3
2022-03-11 23:07:39,842 pop widget QFrame line_3
2022-03-11 23:07:39,842 new topwidget self.groupBox_7
2022-03-11 23:07:39,842 push QGridLayout gridLayout_24
2022-03-11 23:07:39,842 push QGridLayout gridLayout_25
2022-03-11 23:07:39,843 setting property font
2022-03-11 23:07:39,843 setting property text
2022-03-11 23:07:39,843 push QLabel label_15
2022-03-11 23:07:39,843 pop widget QLabel label_15
2022-03-11 23:07:39,843 new topwidget self.groupBox_7
2022-03-11 23:07:39,843 pop layout QGridLayout gridLayout_25
2022-03-11 23:07:39,844 push QGridLayout gridLayout_26
2022-03-11 23:07:39,844 push QGridLayout gridLayout_27
2022-03-11 23:07:39,844 push QGridLayout gridLayout_28
2022-03-11 23:07:39,844 setting property enabled
2022-03-11 23:07:39,844 setting property minimumSize
2022-03-11 23:07:39,844 setting property font
2022-03-11 23:07:39,844 setting property acceptDrops
2022-03-11 23:07:39,844 setting property iconSize
2022-03-11 23:07:39,845 push QComboBox comboBox_5
2022-03-11 23:07:39,845 pop widget QComboBox comboBox_5
2022-03-11 23:07:39,845 new topwidget self.groupBox_7
2022-03-11 23:07:39,845 pop layout QGridLayout gridLayout_28
2022-03-11 23:07:39,845 push QGridLayout gridLayout_29
2022-03-11 23:07:39,845 push QGridLayout gridLayout_30
2022-03-11 23:07:39,846 setting property orientation
2022-03-11 23:07:39,846 push QSlider slider_2
2022-03-11 23:07:39,846 pop widget QSlider slider_2
2022-03-11 23:07:39,846 new topwidget self.groupBox_7
2022-03-11 23:07:39,846 push QGridLayout gridLayout_31
2022-03-11 23:07:39,846 pop layout QGridLayout gridLayout_31
2022-03-11 23:07:39,846 pop layout QGridLayout gridLayout_30
2022-03-11 23:07:39,846 pop layout QGridLayout gridLayout_29
2022-03-11 23:07:39,847 pop layout QGridLayout gridLayout_27
2022-03-11 23:07:39,847 setting property enabled
2022-03-11 23:07:39,847 setting property minimumSize
2022-03-11 23:07:39,847 setting property font
2022-03-11 23:07:39,847 setting property acceptDrops
2022-03-11 23:07:39,847 setting property iconSize
2022-03-11 23:07:39,847 push QComboBox comboBox_7
2022-03-11 23:07:39,848 pop widget QComboBox comboBox_7
2022-03-11 23:07:39,848 new topwidget self.groupBox_7
2022-03-11 23:07:39,848 pop layout QGridLayout gridLayout_26
2022-03-11 23:07:39,848 pop layout QGridLayout gridLayout_24
2022-03-11 23:07:39,848 push QGridLayout gridLayout_21
2022-03-11 23:07:39,848 setting property enabled
2022-03-11 23:07:39,849 setting property minimumSize
2022-03-11 23:07:39,849 setting property font
2022-03-11 23:07:39,849 setting property acceptDrops
2022-03-11 23:07:39,849 setting property iconSize
2022-03-11 23:07:39,849 push QComboBox comboBox_3
2022-03-11 23:07:39,850 pop widget QComboBox comboBox_3
2022-03-11 23:07:39,850 new topwidget self.groupBox_7
2022-03-11 23:07:39,850 setting property font
2022-03-11 23:07:39,850 setting property text
2022-03-11 23:07:39,850 push QLabel label_13
2022-03-11 23:07:39,850 pop widget QLabel label_13
2022-03-11 23:07:39,850 new topwidget self.groupBox_7
2022-03-11 23:07:39,850 pop layout QGridLayout gridLayout_21
2022-03-11 23:07:39,850 pop layout QGridLayout gridLayout_20
2022-03-11 23:07:39,850 pop widget QGroupBox groupBox_7
2022-03-11 23:07:39,850 new topwidget self.centralwidget
2022-03-11 23:07:39,851 setting property title
2022-03-11 23:07:39,851 push QGroupBox groupBox_10
2022-03-11 23:07:39,851 push QGridLayout gridLayout_11
2022-03-11 23:07:39,851 push QGridLayout gridLayout_12
2022-03-11 23:07:39,851 push QGridLayout gridLayout_13
2022-03-11 23:07:39,851 setting property font
2022-03-11 23:07:39,851 setting property frameShape
2022-03-11 23:07:39,852 setting property text
2022-03-11 23:07:39,852 setting property alignment
2022-03-11 23:07:39,852 push QLabel label_6
2022-03-11 23:07:39,852 pop widget QLabel label_6
2022-03-11 23:07:39,852 new topwidget self.groupBox_10
2022-03-11 23:07:39,852 setting property title
2022-03-11 23:07:39,852 push QGroupBox groupBox_8
2022-03-11 23:07:39,852 push QGridLayout gridLayout_7
2022-03-11 23:07:39,853 push QGridLayout gridLayout_17
2022-03-11 23:07:39,853 resolved baseclass of ImageView: QtWidgets.QGraphicsView
2022-03-11 23:07:39,853 setting property sizePolicy
2022-03-11 23:07:39,853 setting property minimumSize
2022-03-11 23:07:39,853 push ImageView output_1
2022-03-11 23:07:39,853 pop widget ImageView output_1
2022-03-11 23:07:39,853 new topwidget self.groupBox_8
2022-03-11 23:07:39,853 pop layout QGridLayout gridLayout_17
2022-03-11 23:07:39,854 pop layout QGridLayout gridLayout_7
2022-03-11 23:07:39,854 pop widget QGroupBox groupBox_8
2022-03-11 23:07:39,854 new topwidget self.groupBox_10
2022-03-11 23:07:39,854 pop layout QGridLayout gridLayout_13
2022-03-11 23:07:39,854 push QGridLayout gridLayout_15
2022-03-11 23:07:39,854 setting property font
2022-03-11 23:07:39,854 setting property frameShape
2022-03-11 23:07:39,854 setting property text
2022-03-11 23:07:39,854 setting property alignment
2022-03-11 23:07:39,855 push QLabel label_7
2022-03-11 23:07:39,855 pop widget QLabel label_7
2022-03-11 23:07:39,855 new topwidget self.groupBox_10
2022-03-11 23:07:39,855 setting property title
2022-03-11 23:07:39,855 push QGroupBox groupBox_9
2022-03-11 23:07:39,855 push QGridLayout gridLayout_8
2022-03-11 23:07:39,856 push QGridLayout gridLayout_18
2022-03-11 23:07:39,856 resolved baseclass of ImageView: QtWidgets.QGraphicsView
2022-03-11 23:07:39,856 setting property sizePolicy
2022-03-11 23:07:39,856 setting property minimumSize
2022-03-11 23:07:39,856 push ImageView output_2
2022-03-11 23:07:39,856 pop widget ImageView output_2
2022-03-11 23:07:39,856 new topwidget self.groupBox_9
2022-03-11 23:07:39,857 pop layout QGridLayout gridLayout_18
2022-03-11 23:07:39,857 pop layout QGridLayout gridLayout_8
2022-03-11 23:07:39,857 pop widget QGroupBox groupBox_9
2022-03-11 23:07:39,857 new topwidget self.groupBox_10
2022-03-11 23:07:39,857 pop layout QGridLayout gridLayout_15
2022-03-11 23:07:39,857 pop layout QGridLayout gridLayout_12
2022-03-11 23:07:39,857 pop layout QGridLayout gridLayout_11
2022-03-11 23:07:39,857 pop widget QGroupBox groupBox_10
2022-03-11 23:07:39,857 new topwidget self.centralwidget
2022-03-11 23:07:39,858 pop layout QGridLayout gridLayout_9
2022-03-11 23:07:39,858 push QGridLayout gridLayout_38
2022-03-11 23:07:39,858 setting property font
2022-03-11 23:07:39,858 setting property styleSheet
2022-03-11 23:07:39,858 setting property title
2022-03-11 23:07:39,858 setting property flat
2022-03-11 23:07:39,858 push QGroupBox groupBox_4
2022-03-11 23:07:39,858 push QGridLayout gridLayout_4
2022-03-11 23:07:39,859 setting property sizeConstraint
2022-03-11 23:07:39,859 push QGridLayout gridLayout_19
2022-03-11 23:07:39,859 setting property font
2022-03-11 23:07:39,859 setting property styleSheet
2022-03-11 23:07:39,859 setting property frameShape
2022-03-11 23:07:39,859 setting property frameShadow
2022-03-11 23:07:39,860 setting property text
2022-03-11 23:07:39,860 push QLabel label_2
2022-03-11 23:07:39,860 pop widget QLabel label_2
2022-03-11 23:07:39,860 new topwidget self.groupBox_4
2022-03-11 23:07:39,860 setting property enabled
2022-03-11 23:07:39,860 setting property minimumSize
2022-03-11 23:07:39,860 setting property font
2022-03-11 23:07:39,860 setting property acceptDrops
2022-03-11 23:07:39,860 setting property iconSize
2022-03-11 23:07:39,861 push QComboBox comboBox_2
2022-03-11 23:07:39,861 pop widget QComboBox comboBox_2
2022-03-11 23:07:39,861 new topwidget self.groupBox_4
2022-03-11 23:07:39,861 pop layout QGridLayout gridLayout_19
2022-03-11 23:07:39,861 setting property orientation
2022-03-11 23:07:39,861 push QFrame line_2
2022-03-11 23:07:39,861 pop widget QFrame line_2
2022-03-11 23:07:39,862 new topwidget self.groupBox_4
2022-03-11 23:07:39,862 push QGridLayout gridLayout_14
2022-03-11 23:07:39,862 setting property title
2022-03-11 23:07:39,862 push QGroupBox groupBox_5
2022-03-11 23:07:39,862 push QGridLayout gridLayout_5
2022-03-11 23:07:39,862 resolved baseclass of ImageView: QtWidgets.QGraphicsView
2022-03-11 23:07:39,862 setting property sizePolicy
2022-03-11 23:07:39,862 setting property minimumSize
2022-03-11 23:07:39,863 push ImageView imageView_2
2022-03-11 23:07:39,863 pop widget ImageView imageView_2
2022-03-11 23:07:39,863 new topwidget self.groupBox_5
2022-03-11 23:07:39,863 pop layout QGridLayout gridLayout_5
2022-03-11 23:07:39,863 pop widget QGroupBox groupBox_5
2022-03-11 23:07:39,863 new topwidget self.groupBox_4
2022-03-11 23:07:39,863 setting property title
2022-03-11 23:07:39,863 push QGroupBox groupBox_6
2022-03-11 23:07:39,863 push QGridLayout gridLayout_6
2022-03-11 23:07:39,863 resolved baseclass of ImageView: QtWidgets.QGraphicsView
2022-03-11 23:07:39,863 setting property sizePolicy
2022-03-11 23:07:39,864 setting property minimumSize
2022-03-11 23:07:39,864 push ImageView imageView_2_edit
2022-03-11 23:07:39,864 pop widget ImageView imageView_2_edit
2022-03-11 23:07:39,864 new topwidget self.groupBox_6
2022-03-11 23:07:39,864 pop layout QGridLayout gridLayout_6
2022-03-11 23:07:39,864 pop widget QGroupBox groupBox_6
2022-03-11 23:07:39,864 new topwidget self.groupBox_4
2022-03-11 23:07:39,864 pop layout QGridLayout gridLayout_14
2022-03-11 23:07:39,864 pop layout QGridLayout gridLayout_4
2022-03-11 23:07:39,864 pop widget QGroupBox groupBox_4
2022-03-11 23:07:39,864 new topwidget self.centralwidget
2022-03-11 23:07:39,865 setting property font
2022-03-11 23:07:39,865 setting property title
2022-03-11 23:07:39,865 setting property flat
2022-03-11 23:07:39,865 push QGroupBox groupBox
2022-03-11 23:07:39,865 push QGridLayout gridLayout_3
2022-03-11 23:07:39,865 push QGridLayout gridLayout_10
2022-03-11 23:07:39,865 setting property title
2022-03-11 23:07:39,865 push QGroupBox groupBox_2
2022-03-11 23:07:39,865 push QGridLayout gridLayout
2022-03-11 23:07:39,865 resolved baseclass of ImageView: QtWidgets.QGraphicsView
2022-03-11 23:07:39,866 setting property sizePolicy
2022-03-11 23:07:39,866 setting property minimumSize
2022-03-11 23:07:39,866 push ImageView imageView_1_edit
2022-03-11 23:07:39,866 pop widget ImageView imageView_1_edit
2022-03-11 23:07:39,866 new topwidget self.groupBox_2
2022-03-11 23:07:39,866 pop layout QGridLayout gridLayout
2022-03-11 23:07:39,866 pop widget QGroupBox groupBox_2
2022-03-11 23:07:39,866 new topwidget self.groupBox
2022-03-11 23:07:39,866 setting property title
2022-03-11 23:07:39,866 push QGroupBox groupBox_3
2022-03-11 23:07:39,866 push QGridLayout gridLayout_2
2022-03-11 23:07:39,866 resolved baseclass of ImageView: QtWidgets.QGraphicsView
2022-03-11 23:07:39,866 setting property sizePolicy
2022-03-11 23:07:39,866 setting property minimumSize
2022-03-11 23:07:39,866 push ImageView imageView
2022-03-11 23:07:39,866 pop widget ImageView imageView
2022-03-11 23:07:39,866 new topwidget self.groupBox_3
2022-03-11 23:07:39,866 pop layout QGridLayout gridLayout_2
2022-03-11 23:07:39,866 pop widget QGroupBox groupBox_3
2022-03-11 23:07:39,866 new topwidget self.groupBox
2022-03-11 23:07:39,866 pop layout QGridLayout gridLayout_10
2022-03-11 23:07:39,867 setting property sizeConstraint
2022-03-11 23:07:39,867 push QGridLayout gridLayout_16
2022-03-11 23:07:39,867 setting property font
2022-03-11 23:07:39,867 setting property styleSheet
2022-03-11 23:07:39,867 setting property frameShape
2022-03-11 23:07:39,867 setting property frameShadow
2022-03-11 23:07:39,867 setting property text
2022-03-11 23:07:39,867 push QLabel label
2022-03-11 23:07:39,867 pop widget QLabel label
2022-03-11 23:07:39,867 new topwidget self.groupBox
2022-03-11 23:07:39,867 setting property enabled
2022-03-11 23:07:39,868 setting property minimumSize
2022-03-11 23:07:39,868 setting property font
2022-03-11 23:07:39,868 setting property acceptDrops
2022-03-11 23:07:39,868 setting property iconSize
2022-03-11 23:07:39,868 push QComboBox comboBox
2022-03-11 23:07:39,868 pop widget QComboBox comboBox
2022-03-11 23:07:39,868 new topwidget self.groupBox
2022-03-11 23:07:39,868 pop layout QGridLayout gridLayout_16
2022-03-11 23:07:39,868 setting property orientation
2022-03-11 23:07:39,869 push QFrame line
2022-03-11 23:07:39,869 pop widget QFrame line
2022-03-11 23:07:39,869 new topwidget self.groupBox
2022-03-11 23:07:39,869 pop layout QGridLayout gridLayout_3
2022-03-11 23:07:39,869 pop widget QGroupBox groupBox
2022-03-11 23:07:39,869 new topwidget self.centralwidget
2022-03-11 23:07:39,869 pop layout QGridLayout gridLayout_38
2022-03-11 23:07:39,869 pop layout QGridLayout gridLayout_39
2022-03-11 23:07:39,869 pop layout QGridLayout gridLayout_40
2022-03-11 23:07:39,869 pop widget QWidget centralwidget
2022-03-11 23:07:39,869 new topwidget MainWindow
2022-03-11 23:07:39,869 setting property geometry
2022-03-11 23:07:39,869 push QMenuBar menubar
2022-03-11 23:07:39,870 setting property title
2022-03-11 23:07:39,870 push QMenu menuBrowse
2022-03-11 23:07:39,870 pop widget QMenu menuBrowse
2022-03-11 23:07:39,870 new topwidget self.menubar
2022-03-11 23:07:39,870 pop widget QMenuBar menubar
2022-03-11 23:07:39,870 new topwidget MainWindow
2022-03-11 23:07:39,870 push QStatusBar statusbar
2022-03-11 23:07:39,870 pop widget QStatusBar statusbar
2022-03-11 23:07:39,870 new topwidget MainWindow
2022-03-11 23:07:39,870 setting property icon
2022-03-11 23:07:39,870 setting property text
2022-03-11 23:07:39,871 setting property enabled
2022-03-11 23:07:39,871 setting property icon
2022-03-11 23:07:39,871 setting property text
2022-03-11 23:07:39,871 setting property icon
2022-03-11 23:07:39,871 setting property text
2022-03-11 23:07:39,871 pop widget QMainWindow MainWindow
2022-03-11 23:07:39,871 new topwidget None
2022-03-11 23:07:39,871 add action actionImage1 to menuBrowse
2022-03-11 23:07:39,871 add action actionImage2 to menuBrowse
2022-03-11 23:07:39,871 add action menuBrowse to menubar
2022-03-11 23:07:39,876 The Application started successfully
2022-03-11 23:07:43,036 Browsing the files
2022-03-11 23:07:46,111 Image1 was added successfully
2022-03-11 23:07:48,655 Browsing the files
2022-03-11 23:08:24,669 Warnning!!. The images must have the same size
2022-03-11 23:08:27,108 Browsing the files
2022-03-11 23:08:29,184 Image2 was added successfully
2022-03-11 23:09:08,130 FT Magnitude component of image1 was added
2022-03-11 23:09:12,937 FT Imaginary Component component of image2 was added
2022-03-11 23:09:15,826 FT Real Component component of image2 was added
2022-03-11 23:10:49,024 ComboBoxes was adjusted
2022-03-11 23:10:51,723 ComboBoxes was adjusted
2022-03-11 23:10:51,743 Output1 was generated
2022-03-11 23:10:53,753 ComboBoxes was adjusted
2022-03-11 23:10:53,778 Output1 was generated
2022-03-11 23:10:55,602 ComboBoxes was adjusted
2022-03-11 23:10:55,615 Output1 was generated
2022-03-11 23:10:55,653 ComboBoxes was adjusted
2022-03-11 23:10:55,662 Output1 was generated
2022-03-11 23:10:55,690 ComboBoxes was adjusted
2022-03-11 23:10:55,699 Output1 was generated
2022-03-11 23:10:55,711 ComboBoxes was adjusted
2022-03-11 23:10:55,721 Output1 was generated
2022-03-11 23:10:55,733 ComboBoxes was adjusted
2022-03-11 23:10:55,741 Output1 was generated
2022-03-11 23:10:55,748 ComboBoxes was adjusted
2022-03-11 23:10:55,757 Output1 was generated
2022-03-11 23:10:55,758 ComboBoxes was adjusted
2022-03-11 23:10:55,767 Output1 was generated
2022-03-11 23:10:55,777 ComboBoxes was adjusted
2022-03-11 23:10:55,786 Output1 was generated
2022-03-11 23:10:55,793 ComboBoxes was adjusted
2022-03-11 23:10:55,801 Output1 was generated
2022-03-11 23:10:55,815 ComboBoxes was adjusted
2022-03-11 23:10:55,823 Output1 was generated
2022-03-11 23:10:55,852 ComboBoxes was adjusted
2022-03-11 23:10:55,860 Output1 was generated
2022-03-11 23:10:55,889 ComboBoxes was adjusted
2022-03-11 23:10:55,898 Output1 was generated
2022-03-11 23:10:55,919 ComboBoxes was adjusted
2022-03-11 23:10:55,926 Output1 was generated
2022-03-11 23:10:55,940 ComboBoxes was adjusted
2022-03-11 23:10:55,949 Output1 was generated
2022-03-11 23:10:55,977 ComboBoxes was adjusted
2022-03-11 23:10:55,988 Output1 was generated
2022-03-11 23:10:56,007 ComboBoxes was adjusted
2022-03-11 23:10:56,019 Output1 was generated
2022-03-11 23:10:56,029 ComboBoxes was adjusted
2022-03-11 23:10:56,038 Output1 was generated
2022-03-11 23:10:56,058 ComboBoxes was adjusted
2022-03-11 23:10:56,065 Output1 was generated
2022-03-11 23:10:56,080 ComboBoxes was adjusted
2022-03-11 23:10:56,089 Output1 was generated
2022-03-11 23:10:56,102 ComboBoxes was adjusted
2022-03-11 23:10:56,110 Output1 was generated
2022-03-11 23:10:56,117 ComboBoxes was adjusted
2022-03-11 23:10:56,126 Output1 was generated
2022-03-11 23:10:56,131 ComboBoxes was adjusted
2022-03-11 23:10:56,140 Output1 was generated
2022-03-11 23:10:56,161 ComboBoxes was adjusted
2022-03-11 23:10:56,170 Output1 was generated
2022-03-11 23:10:56,176 ComboBoxes was adjusted
2022-03-11 23:10:56,185 Output1 was generated
2022-03-11 23:10:56,191 ComboBoxes was adjusted
2022-03-11 23:10:56,199 Output1 was generated
2022-03-11 23:10:56,205 ComboBoxes was adjusted
2022-03-11 23:10:56,215 Output1 was generated
2022-03-11 23:10:56,221 ComboBoxes was adjusted
2022-03-11 23:10:56,229 Output1 was generated
2022-03-11 23:10:56,235 ComboBoxes was adjusted
2022-03-11 23:10:56,243 Output1 was generated
2022-03-11 23:10:56,257 ComboBoxes was adjusted
2022-03-11 23:10:56,266 Output1 was generated
2022-03-11 23:10:57,726 ComboBoxes was adjusted
2022-03-11 23:10:57,753 Output1 was generated
2022-03-11 23:10:57,756 ComboBoxes was adjusted
2022-03-11 23:10:57,766 Output1 was generated
2022-03-11 23:10:57,768 ComboBoxes was adjusted
2022-03-11 23:10:57,777 Output1 was generated
2022-03-11 23:10:57,778 ComboBoxes was adjusted
2022-03-11 23:10:57,787 Output1 was generated
2022-03-11 23:10:57,789 ComboBoxes was adjusted
2022-03-11 23:10:57,798 Output1 was generated
2022-03-11 23:10:57,799 ComboBoxes was adjusted
2022-03-11 23:10:57,807 Output1 was generated
2022-03-11 23:10:57,808 ComboBoxes was adjusted
2022-03-11 23:10:57,817 Output1 was generated
2022-03-11 23:10:57,820 ComboBoxes was adjusted
2022-03-11 23:10:57,829 Output1 was generated
2022-03-11 23:10:57,831 ComboBoxes was adjusted
2022-03-11 23:10:57,839 Output1 was generated
2022-03-11 23:10:57,851 ComboBoxes was adjusted
2022-03-11 23:10:57,862 Output1 was generated
2022-03-11 23:10:57,864 ComboBoxes was adjusted
2022-03-11 23:10:57,873 Output1 was generated
2022-03-11 23:10:57,875 ComboBoxes was adjusted
2022-03-11 23:10:57,883 Output1 was generated
2022-03-11 23:10:57,887 ComboBoxes was adjusted
2022-03-11 23:10:57,895 Output1 was generated
2022-03-11 23:10:57,902 ComboBoxes was adjusted
2022-03-11 23:10:57,910 Output1 was generated
2022-03-11 23:10:57,916 ComboBoxes was adjusted
2022-03-11 23:10:57,924 Output1 was generated
2022-03-11 23:10:57,939 ComboBoxes was adjusted
2022-03-11 23:10:57,948 Output1 was generated
2022-03-11 23:10:57,954 ComboBoxes was adjusted
2022-03-11 23:10:57,963 Output1 was generated
2022-03-11 23:10:57,977 ComboBoxes was adjusted
2022-03-11 23:10:57,985 Output1 was generated
2022-03-11 23:10:57,986 ComboBoxes was adjusted
2022-03-11 23:10:57,995 Output1 was generated
2022-03-11 23:10:57,998 ComboBoxes was adjusted
2022-03-11 23:10:58,006 Output1 was generated
2022-03-11 23:10:58,020 ComboBoxes was adjusted
2022-03-11 23:10:58,028 Output1 was generated
2022-03-11 23:10:58,043 ComboBoxes was adjusted
2022-03-11 23:10:58,052 Output1 was generated
2022-03-11 23:10:58,072 ComboBoxes was adjusted
2022-03-11 23:10:58,080 Output1 was generated
2022-03-11 23:10:58,094 ComboBoxes was adjusted
2022-03-11 23:10:58,102 Output1 was generated
2022-03-11 23:10:58,109 ComboBoxes was adjusted
2022-03-11 23:10:58,118 Output1 was generated
2022-03-11 23:10:58,130 ComboBoxes was adjusted
2022-03-11 23:10:58,140 Output1 was generated
2022-03-11 23:10:58,145 ComboBoxes was adjusted
2022-03-11 23:10:58,154 Output1 was generated
2022-03-11 23:10:58,161 ComboBoxes was adjusted
2022-03-11 23:10:58,168 Output1 was generated
2022-03-11 23:10:58,182 ComboBoxes was adjusted
2022-03-11 23:10:58,191 Output1 was generated
2022-03-11 23:10:58,197 ComboBoxes was adjusted
2022-03-11 23:10:58,206 Output1 was generated
2022-03-11 23:10:58,218 ComboBoxes was adjusted
2022-03-11 23:10:58,227 Output1 was generated
2022-03-11 23:10:58,234 ComboBoxes was adjusted
2022-03-11 23:10:58,242 Output1 was generated
2022-03-11 23:10:58,271 ComboBoxes was adjusted
2022-03-11 23:10:58,280 Output1 was generated
2022-03-11 23:10:58,596 ComboBoxes was adjusted
2022-03-11 23:10:58,619 Output1 was generated
2022-03-11 23:10:58,622 ComboBoxes was adjusted
2022-03-11 23:10:58,632 Output1 was generated
2022-03-11 23:10:58,634 ComboBoxes was adjusted
2022-03-11 23:10:58,642 Output1 was generated
2022-03-11 23:10:58,644 ComboBoxes was adjusted
2022-03-11 23:10:58,653 Output1 was generated
2022-03-11 23:10:58,655 ComboBoxes was adjusted
2022-03-11 23:10:58,663 Output1 was generated
2022-03-11 23:10:58,669 ComboBoxes was adjusted
2022-03-11 23:10:58,676 Output1 was generated
2022-03-11 23:10:58,678 ComboBoxes was adjusted
2022-03-11 23:10:58,687 Output1 was generated
2022-03-11 23:10:58,691 ComboBoxes was adjusted
2022-03-11 23:10:58,700 Output1 was generated
2022-03-11 23:10:58,713 ComboBoxes was adjusted
2022-03-11 23:10:58,722 Output1 was generated
2022-03-11 23:10:58,728 ComboBoxes was adjusted
2022-03-11 23:10:58,737 Output1 was generated
2022-03-11 23:10:58,750 ComboBoxes was adjusted
2022-03-11 23:10:58,759 Output1 was generated
2022-03-11 23:10:58,765 ComboBoxes was adjusted
2022-03-11 23:10:58,772 Output1 was generated
2022-03-11 23:10:58,788 ComboBoxes was adjusted
2022-03-11 23:10:58,796 Output1 was generated
2022-03-11 23:10:58,847 ComboBoxes was adjusted
2022-03-11 23:10:58,860 Output1 was generated
2022-03-11 23:11:01,134 ComboBoxes was adjusted
2022-03-11 23:11:01,141 ComboBoxes was adjusted
2022-03-11 23:11:01,148 Output1 was generated
2022-03-11 23:11:01,150 Output1 was generated
2022-03-11 23:11:50,861 ComboBoxes was adjusted
2022-03-11 23:11:53,081 ComboBoxes was adjusted
2022-03-11 23:11:53,090 Output2 was generated
2022-03-11 23:11:59,284 ComboBoxes was adjusted
2022-03-11 23:12:02,484 ComboBoxes was adjusted
2022-03-11 23:12:02,499 Output2 was generated
2022-03-11 23:12:04,782 ComboBoxes was adjusted
2022-03-11 23:12:04,793 Output2 was generated
2022-03-11 23:12:08,045 ComboBoxes was adjusted
2022-03-11 23:12:08,054 ComboBoxes was adjusted
2022-03-11 23:12:08,060 Output2 was generated
2022-03-11 23:12:10,678 ComboBoxes was adjusted
2022-03-11 23:12:10,689 Output2 was generated
2022-03-11 23:12:12,499 ComboBoxes was adjusted
2022-03-11 23:12:12,521 Output2 was generated
2022-03-11 23:12:12,524 ComboBoxes was adjusted
2022-03-11 23:12:12,535 Output2 was generated
2022-03-11 23:12:12,537 ComboBoxes was adjusted
2022-03-11 23:12:12,546 Output2 was generated
2022-03-11 23:12:12,548 ComboBoxes was adjusted
2022-03-11 23:12:12,557 Output2 was generated
2022-03-11 23:12:12,559 ComboBoxes was adjusted
2022-03-11 23:12:12,567 Output2 was generated
2022-03-11 23:12:12,570 ComboBoxes was adjusted
2022-03-11 23:12:12,579 Output2 was generated
2022-03-11 23:12:12,581 ComboBoxes was adjusted
2022-03-11 23:12:12,590 Output2 was generated
2022-03-11 23:12:12,772 ComboBoxes was adjusted
2022-03-11 23:12:12,798 Output2 was generated
2022-03-11 23:12:12,801 ComboBoxes was adjusted
2022-03-11 23:12:12,811 Output2 was generated
2022-03-11 23:12:12,815 ComboBoxes was adjusted
2022-03-11 23:12:12,823 Output2 was generated
2022-03-11 23:12:12,826 ComboBoxes was adjusted
2022-03-11 23:12:12,833 Output2 was generated
2022-03-11 23:12:12,836 ComboBoxes was adjusted
2022-03-11 23:12:12,845 Output2 was generated
2022-03-11 23:12:12,847 ComboBoxes was adjusted
2022-03-11 23:12:12,856 Output2 was generated
2022-03-11 23:12:12,857 ComboBoxes was adjusted
2022-03-11 23:12:12,866 Output2 was generated
2022-03-11 23:12:12,868 ComboBoxes was adjusted
2022-03-11 23:12:12,876 Output2 was generated
2022-03-11 23:12:12,878 ComboBoxes was adjusted
2022-03-11 23:12:12,886 Output2 was generated
2022-03-11 23:12:12,889 ComboBoxes was adjusted
2022-03-11 23:12:12,898 Output2 was generated
2022-03-11 23:12:12,899 ComboBoxes was adjusted
2022-03-11 23:12:12,908 Output2 was generated
2022-03-11 23:12:12,910 ComboBoxes was adjusted
2022-03-11 23:12:12,919 Output2 was generated
2022-03-11 23:12:12,921 ComboBoxes was adjusted
2022-03-11 23:12:12,929 Output2 was generated
2022-03-11 23:12:12,941 ComboBoxes was adjusted
2022-03-11 23:12:12,949 Output2 was generated
2022-03-11 23:12:12,962 ComboBoxes was adjusted
2022-03-11 23:12:12,971 Output2 was generated
2022-03-11 23:12:12,985 ComboBoxes was adjusted
2022-03-11 23:12:12,994 Output2 was generated
2022-03-11 23:12:13,281 ComboBoxes was adjusted
2022-03-11 23:12:13,294 Output2 was generated
2022-03-11 23:12:13,295 ComboBoxes was adjusted
2022-03-11 23:12:13,305 Output2 was generated
2022-03-11 23:12:13,307 ComboBoxes was adjusted
2022-03-11 23:12:13,315 Output2 was generated
2022-03-11 23:12:13,317 ComboBoxes was adjusted
2022-03-11 23:12:13,326 Output2 was generated
2022-03-11 23:12:13,327 ComboBoxes was adjusted
2022-03-11 23:12:13,335 Output2 was generated
2022-03-11 23:12:13,337 ComboBoxes was adjusted
2022-03-11 23:12:13,347 Output2 was generated
2022-03-11 23:12:13,348 ComboBoxes was adjusted
2022-03-11 23:12:13,358 Output2 was generated
2022-03-11 23:12:13,359 ComboBoxes was adjusted
2022-03-11 23:12:13,367 Output2 was generated
2022-03-11 23:12:13,370 ComboBoxes was adjusted
2022-03-11 23:12:13,379 Output2 was generated
2022-03-11 23:12:13,381 ComboBoxes was adjusted
2022-03-11 23:12:13,390 Output2 was generated
2022-03-11 23:12:13,392 ComboBoxes was adjusted
2022-03-11 23:12:13,400 Output2 was generated
2022-03-11 23:12:13,657 ComboBoxes was adjusted
2022-03-11 23:12:13,683 Output2 was generated
2022-03-11 23:12:13,686 ComboBoxes was adjusted
2022-03-11 23:12:13,697 Output2 was generated
2022-03-11 23:12:13,699 ComboBoxes was adjusted
2022-03-11 23:12:13,709 Output2 was generated
2022-03-11 23:12:13,710 ComboBoxes was adjusted
2022-03-11 23:12:13,719 Output2 was generated
2022-03-11 23:12:13,722 ComboBoxes was adjusted
2022-03-11 23:12:13,730 Output2 was generated
2022-03-11 23:12:13,732 ComboBoxes was adjusted
2022-03-11 23:12:13,741 Output2 was generated
2022-03-11 23:12:13,743 ComboBoxes was adjusted
2022-03-11 23:12:13,752 Output2 was generated
2022-03-11 23:12:13,754 ComboBoxes was adjusted
2022-03-11 23:12:13,763 Output2 was generated
2022-03-11 23:12:13,765 ComboBoxes was adjusted
2022-03-11 23:12:13,773 Output2 was generated
2022-03-11 23:12:13,775 ComboBoxes was adjusted
2022-03-11 23:12:13,783 Output2 was generated
2022-03-11 23:12:17,449 ComboBoxes was adjusted
2022-03-11 23:12:19,986 ComboBoxes was adjusted
2022-03-11 23:12:20,002 Output2 was generated
2022-03-11 23:12:25,148 ComboBoxes was adjusted
2022-03-11 23:12:27,715 ComboBoxes was adjusted
2022-03-11 23:12:27,727 Output2 was generated
2022-03-11 23:12:29,882 ComboBoxes was adjusted
2022-03-11 23:12:29,899 Output2 was generated
2022-03-11 23:12:29,903 ComboBoxes was adjusted
2022-03-11 23:12:29,913 Output2 was generated
2022-03-11 23:12:29,933 ComboBoxes was adjusted
2022-03-11 23:12:29,942 Output2 was generated
2022-03-11 23:12:29,948 ComboBoxes was adjusted
2022-03-11 23:12:29,956 Output2 was generated
2022-03-11 23:12:29,963 ComboBoxes was adjusted
2022-03-11 23:12:29,971 Output2 was generated
2022-03-11 23:12:29,984 ComboBoxes was adjusted
2022-03-11 23:12:29,993 Output2 was generated
2022-03-11 23:12:30,000 ComboBoxes was adjusted
2022-03-11 23:12:30,009 Output2 was generated
2022-03-11 23:12:30,014 ComboBoxes was adjusted
2022-03-11 23:12:30,024 Output2 was generated
2022-03-11 23:12:30,029 ComboBoxes was adjusted
2022-03-11 23:12:30,038 Output2 was generated
2022-03-11 23:12:30,044 ComboBoxes was adjusted
2022-03-11 23:12:30,053 Output2 was generated
2022-03-11 23:12:30,059 ComboBoxes was adjusted
2022-03-11 23:12:30,068 Output2 was generated
2022-03-11 23:12:30,072 ComboBoxes was adjusted
2022-03-11 23:12:30,081 Output2 was generated
2022-03-11 23:12:30,088 ComboBoxes was adjusted
2022-03-11 23:12:30,096 Output2 was generated
2022-03-11 23:12:30,098 ComboBoxes was adjusted
2022-03-11 23:12:30,107 Output2 was generated
2022-03-11 23:12:30,110 ComboBoxes was adjusted
2022-03-11 23:12:30,118 Output2 was generated
2022-03-11 23:12:30,120 ComboBoxes was adjusted
2022-03-11 23:12:30,128 Output2 was generated
2022-03-11 23:12:30,132 ComboBoxes was adjusted
2022-03-11 23:12:30,140 Output2 was generated
2022-03-11 23:12:30,147 ComboBoxes was adjusted
2022-03-11 23:12:30,155 Output2 was generated
2022-03-11 23:12:30,162 ComboBoxes was adjusted
2022-03-11 23:12:30,171 Output2 was generated
2022-03-11 23:12:30,184 ComboBoxes was adjusted
2022-03-11 23:12:30,193 Output2 was generated
2022-03-11 23:12:30,199 ComboBoxes was adjusted
2022-03-11 23:12:30,208 Output2 was generated
2022-03-11 23:12:30,209 ComboBoxes was adjusted
2022-03-11 23:12:30,217 Output2 was generated
2022-03-11 23:12:30,229 ComboBoxes was adjusted
2022-03-11 23:12:30,238 Output2 was generated
2022-03-11 23:12:30,243 ComboBoxes was adjusted
2022-03-11 23:12:30,251 Output2 was generated
2022-03-11 23:12:30,253 ComboBoxes was adjusted
2022-03-11 23:12:30,262 Output2 was generated
2022-03-11 23:12:30,264 ComboBoxes was adjusted
2022-03-11 23:12:30,273 Output2 was generated
2022-03-11 23:12:30,280 ComboBoxes was adjusted
2022-03-11 23:12:30,289 Output2 was generated
2022-03-11 23:12:30,302 ComboBoxes was adjusted
2022-03-11 23:12:30,310 Output2 was generated
2022-03-11 23:12:30,323 ComboBoxes was adjusted
2022-03-11 23:12:30,332 Output2 was generated
2022-03-11 23:12:30,339 ComboBoxes was adjusted
2022-03-11 23:12:30,348 Output2 was generated
2022-03-11 23:12:30,649 ComboBoxes was adjusted
2022-03-11 23:12:30,663 Output2 was generated
2022-03-11 23:12:30,665 ComboBoxes was adjusted
2022-03-11 23:12:30,673 Output2 was generated
2022-03-11 23:12:30,675 ComboBoxes was adjusted
2022-03-11 23:12:30,684 Output2 was generated
2022-03-11 23:12:30,686 ComboBoxes was adjusted
2022-03-11 23:12:30,695 Output2 was generated
2022-03-11 23:12:30,697 ComboBoxes was adjusted
2022-03-11 23:12:30,706 Output2 was generated
2022-03-11 23:12:30,707 ComboBoxes was adjusted
2022-03-11 23:12:30,716 Output2 was generated
2022-03-11 23:12:30,718 ComboBoxes was adjusted
2022-03-11 23:12:30,726 Output2 was generated
2022-03-11 23:12:30,728 ComboBoxes was adjusted
2022-03-11 23:12:30,738 Output2 was generated
2022-03-11 23:12:30,739 ComboBoxes was adjusted
2022-03-11 23:12:30,748 Output2 was generated
2022-03-11 23:12:30,750 ComboBoxes was adjusted
2022-03-11 23:12:30,759 Output2 was generated
2022-03-11 23:12:30,761 ComboBoxes was adjusted
2022-03-11 23:12:30,769 Output2 was generated
2022-03-11 23:12:30,771 ComboBoxes was adjusted
2022-03-11 23:12:30,780 Output2 was generated
2022-03-11 23:12:30,782 ComboBoxes was adjusted
2022-03-11 23:12:30,791 Output2 was generated
2022-03-11 23:12:30,796 ComboBoxes was adjusted
2022-03-11 23:12:30,806 Output2 was generated
2022-03-11 23:12:30,808 ComboBoxes was adjusted
2022-03-11 23:12:30,817 Output2 was generated
2022-03-11 23:12:30,819 ComboBoxes was adjusted
2022-03-11 23:12:30,828 Output2 was generated
2022-03-11 23:12:30,832 ComboBoxes was adjusted
2022-03-11 23:12:30,841 Output2 was generated
2022-03-11 23:12:30,843 ComboBoxes was adjusted
2022-03-11 23:12:30,852 Output2 was generated
2022-03-11 23:12:30,862 ComboBoxes was adjusted
2022-03-11 23:12:30,870 Output2 was generated
2022-03-11 23:12:32,788 ComboBoxes was adjusted
2022-03-11 23:12:32,813 Output2 was generated
2022-03-11 23:12:32,817 ComboBoxes was adjusted
2022-03-11 23:12:32,828 Output2 was generated
2022-03-11 23:12:32,853 ComboBoxes was adjusted
2022-03-11 23:12:32,861 Output2 was generated
2022-03-11 23:12:32,876 ComboBoxes was adjusted
2022-03-11 23:12:32,884 Output2 was generated
2022-03-11 23:12:32,898 ComboBoxes was adjusted
2022-03-11 23:12:32,907 Output2 was generated
2022-03-11 23:12:32,909 ComboBoxes was adjusted
2022-03-11 23:12:32,918 Output2 was generated
2022-03-11 23:12:32,919 ComboBoxes was adjusted
2022-03-11 23:12:32,928 Output2 was generated
2022-03-11 23:12:32,943 ComboBoxes was adjusted
2022-03-11 23:12:32,952 Output2 was generated
2022-03-11 23:12:32,957 ComboBoxes was adjusted
2022-03-11 23:12:32,965 Output2 was generated
2022-03-11 23:12:32,980 ComboBoxes was adjusted
2022-03-11 23:12:32,989 Output2 was generated
2022-03-11 23:12:32,994 ComboBoxes was adjusted
2022-03-11 23:12:33,003 Output2 was generated
2022-03-11 23:12:33,024 ComboBoxes was adjusted
2022-03-11 23:12:33,032 Output2 was generated
2022-03-11 23:12:33,082 ComboBoxes was adjusted
2022-03-11 23:12:33,096 Output2 was generated
2022-03-11 23:12:33,127 ComboBoxes was adjusted
2022-03-11 23:12:33,137 Output2 was generated
2022-03-11 23:12:33,171 ComboBoxes was adjusted
2022-03-11 23:12:33,182 Output2 was generated
2022-03-11 23:12:33,193 ComboBoxes was adjusted
2022-03-11 23:12:33,204 Output2 was generated
2022-03-11 23:12:33,214 ComboBoxes was adjusted
2022-03-11 23:12:33,225 Output2 was generated
2022-03-11 23:12:33,229 ComboBoxes was adjusted
2022-03-11 23:12:33,240 Output2 was generated
2022-03-11 23:12:33,242 ComboBoxes was adjusted
2022-03-11 23:12:33,249 Output2 was generated
2022-03-11 23:12:33,252 ComboBoxes was adjusted
2022-03-11 23:12:33,260 Output2 was generated
2022-03-11 23:12:33,274 ComboBoxes was adjusted
2022-03-11 23:12:33,283 Output2 was generated
2022-03-11 23:12:33,285 ComboBoxes was adjusted
2022-03-11 23:12:33,294 Output2 was generated
2022-03-11 23:12:33,296 ComboBoxes was adjusted
2022-03-11 23:12:33,305 Output2 was generated
2022-03-11 23:12:33,306 ComboBoxes was adjusted
2022-03-11 23:12:33,315 Output2 was generated
2022-03-11 23:12:33,318 ComboBoxes was adjusted
2022-03-11 23:12:33,327 Output2 was generated
2022-03-11 23:12:33,328 ComboBoxes was adjusted
2022-03-11 23:12:33,338 Output2 was generated
2022-03-11 23:12:33,340 ComboBoxes was adjusted
2022-03-11 23:12:33,349 Output2 was generated
2022-03-11 23:12:33,363 ComboBoxes was adjusted
2022-03-11 23:12:33,372 Output2 was generated
2022-03-11 23:12:33,629 ComboBoxes was adjusted
2022-03-11 23:12:33,642 Output2 was generated
2022-03-11 23:12:33,644 ComboBoxes was adjusted
2022-03-11 23:12:33,653 Output2 was generated
2022-03-11 23:12:33,655 ComboBoxes was adjusted
2022-03-11 23:12:33,664 Output2 was generated
2022-03-11 23:12:33,666 ComboBoxes was adjusted
2022-03-11 23:12:33,675 Output2 was generated
2022-03-11 23:12:33,677 ComboBoxes was adjusted
2022-03-11 23:12:33,686 Output2 was generated
2022-03-11 23:12:33,688 ComboBoxes was adjusted
2022-03-11 23:12:33,696 Output2 was generated
2022-03-11 23:12:33,698 ComboBoxes was adjusted
2022-03-11 23:12:33,707 Output2 was generated
2022-03-11 23:12:33,709 ComboBoxes was adjusted
2022-03-11 23:12:33,718 Output2 was generated
2022-03-11 23:12:33,719 ComboBoxes was adjusted
2022-03-11 23:12:33,727 Output2 was generated
2022-03-11 23:12:33,731 ComboBoxes was adjusted
2022-03-11 23:12:33,739 Output2 was generated
2022-03-11 23:12:33,741 ComboBoxes was adjusted
2022-03-11 23:12:33,750 Output2 was generated
2022-03-11 23:12:33,753 ComboBoxes was adjusted
2022-03-11 23:12:33,762 Output2 was generated
2022-03-11 23:12:35,257 ComboBoxes was adjusted
2022-03-11 23:12:35,283 Output2 was generated
2022-03-11 23:12:37,730 ComboBoxes was adjusted
2022-03-11 23:12:37,742 Output2 was generated
2022-03-11 23:12:37,744 ComboBoxes was adjusted
2022-03-11 23:12:37,753 Output2 was generated
2022-03-11 23:12:37,755 ComboBoxes was adjusted
2022-03-11 23:12:37,764 Output2 was generated
2022-03-11 23:12:37,766 ComboBoxes was adjusted
2022-03-11 23:12:37,774 Output2 was generated
2022-03-11 23:12:37,776 ComboBoxes was adjusted
2022-03-11 23:12:37,785 Output2 was generated
2022-03-11 23:12:37,787 ComboBoxes was adjusted
2022-03-11 23:12:37,796 Output2 was generated
2022-03-11 23:12:37,798 ComboBoxes was adjusted
2022-03-11 23:12:37,807 Output2 was generated
2022-03-11 23:12:37,810 ComboBoxes was adjusted
2022-03-11 23:12:37,818 Output2 was generated
2022-03-11 23:12:37,825 ComboBoxes was adjusted
2022-03-11 23:12:37,834 Output2 was generated
2022-03-11 23:12:37,836 ComboBoxes was adjusted
2022-03-11 23:12:37,844 Output2 was generated
2022-03-11 23:12:37,846 ComboBoxes was adjusted
2022-03-11 23:12:37,855 Output2 was generated
2022-03-11 23:12:37,856 ComboBoxes was adjusted
2022-03-11 23:12:37,864 Output2 was generated
2022-03-11 23:12:37,866 ComboBoxes was adjusted
2022-03-11 23:12:37,875 Output2 was generated
2022-03-11 23:12:37,877 ComboBoxes was adjusted
2022-03-11 23:12:37,885 Output2 was generated
2022-03-11 23:12:37,887 ComboBoxes was adjusted
2022-03-11 23:12:37,895 Output2 was generated
2022-03-11 23:12:37,896 ComboBoxes was adjusted
2022-03-11 23:12:37,906 Output2 was generated
2022-03-11 23:12:37,907 ComboBoxes was adjusted
2022-03-11 23:12:37,916 Output2 was generated
2022-03-11 23:12:37,918 ComboBoxes was adjusted
2022-03-11 23:12:37,927 Output2 was generated
2022-03-11 23:12:37,929 ComboBoxes was adjusted
2022-03-11 23:12:37,938 Output2 was generated
2022-03-11 23:12:37,950 ComboBoxes was adjusted
2022-03-11 23:12:37,958 Output2 was generated
2022-03-11 23:12:38,025 ComboBoxes was adjusted
2022-03-11 23:12:38,036 Output2 was generated
2022-03-11 23:12:38,054 ComboBoxes was adjusted
2022-03-11 23:12:38,062 Output2 was generated
2022-03-11 23:12:38,076 ComboBoxes was adjusted
2022-03-11 23:12:38,086 Output2 was generated
2022-03-11 23:12:38,090 ComboBoxes was adjusted
2022-03-11 23:12:38,098 Output2 was generated
2022-03-11 23:12:38,112 ComboBoxes was adjusted
2022-03-11 23:12:38,121 Output2 was generated
2022-03-11 23:12:38,128 ComboBoxes was adjusted
2022-03-11 23:12:38,137 Output2 was generated
2022-03-11 23:12:38,143 ComboBoxes was adjusted
2022-03-11 23:12:38,151 Output2 was generated
2022-03-11 23:12:38,156 ComboBoxes was adjusted
2022-03-11 23:12:38,165 Output2 was generated
2022-03-11 23:12:38,167 ComboBoxes was adjusted
2022-03-11 23:12:38,176 Output2 was generated
2022-03-11 23:12:38,178 ComboBoxes was adjusted
2022-03-11 23:12:38,187 Output2 was generated
2022-03-11 23:12:38,188 ComboBoxes was adjusted
2022-03-11 23:12:38,197 Output2 was generated
2022-03-11 23:12:38,201 ComboBoxes was adjusted
2022-03-11 23:12:38,210 Output2 was generated
2022-03-11 23:12:38,211 ComboBoxes was adjusted
2022-03-11 23:12:38,220 Output2 was generated
2022-03-11 23:12:38,223 ComboBoxes was adjusted
2022-03-11 23:12:38,232 Output2 was generated
2022-03-11 23:12:38,245 ComboBoxes was adjusted
2022-03-11 23:12:38,254 Output2 was generated
2022-03-11 23:12:38,276 ComboBoxes was adjusted
2022-03-11 23:12:38,284 Output2 was generated
2022-03-11 23:12:38,512 ComboBoxes was adjusted
2022-03-11 23:12:38,525 Output2 was generated
2022-03-11 23:12:38,527 ComboBoxes was adjusted
2022-03-11 23:12:38,536 Output2 was generated
2022-03-11 23:12:38,538 ComboBoxes was adjusted
2022-03-11 23:12:38,546 Output2 was generated
2022-03-11 23:12:38,549 ComboBoxes was adjusted
2022-03-11 23:12:38,557 Output2 was generated
2022-03-11 23:12:38,559 ComboBoxes was adjusted
2022-03-11 23:12:38,568 Output2 was generated
2022-03-11 23:12:38,570 ComboBoxes was adjusted
2022-03-11 23:12:38,579 Output2 was generated
2022-03-11 23:12:38,580 ComboBoxes was adjusted
2022-03-11 23:12:38,590 Output2 was generated
2022-03-11 23:12:38,591 ComboBoxes was adjusted
2022-03-11 23:12:38,600 Output2 was generated
2022-03-11 23:12:38,602 ComboBoxes was adjusted
2022-03-11 23:12:38,611 Output2 was generated
2022-03-11 23:12:38,613 ComboBoxes was adjusted
2022-03-11 23:12:38,622 Output2 was generated
2022-03-11 23:12:38,624 ComboBoxes was adjusted
2022-03-11 23:12:38,632 Output2 was generated
2022-03-11 23:12:41,330 ComboBoxes was adjusted
2022-03-11 23:12:41,338 ComboBoxes was adjusted
2022-03-11 23:12:41,347 Output2 was generated
2022-03-11 23:12:41,349 Output2 was generated
2022-03-11 23:12:44,324 ComboBoxes was adjusted
2022-03-11 23:12:47,672 ComboBoxes was adjusted
2022-03-11 23:12:47,684 Output2 was generated
2022-03-11 23:12:49,671 ComboBoxes was adjusted
2022-03-11 23:12:49,680 Output2 was generated
2022-03-11 23:12:49,682 ComboBoxes was adjusted
2022-03-11 23:12:49,688 Output2 was generated
2022-03-11 23:12:49,690 ComboBoxes was adjusted
2022-03-11 23:12:49,694 Output2 was generated
2022-03-11 23:12:49,696 ComboBoxes was adjusted
2022-03-11 23:12:49,702 Output2 was generated
2022-03-11 23:12:49,703 ComboBoxes was adjusted
2022-03-11 23:12:49,709 Output2 was generated
2022-03-11 23:12:49,711 ComboBoxes was adjusted
2022-03-11 23:12:49,717 Output2 was generated
2022-03-11 23:12:49,718 ComboBoxes was adjusted
2022-03-11 23:12:49,723 Output2 was generated
2022-03-11 23:12:49,725 ComboBoxes was adjusted
2022-03-11 23:12:49,731 Output2 was generated
2022-03-11 23:12:49,733 ComboBoxes was adjusted
2022-03-11 23:12:49,737 Output2 was generated
2022-03-11 23:12:49,738 ComboBoxes was adjusted
2022-03-11 23:12:49,744 Output2 was generated
2022-03-11 23:12:49,745 ComboBoxes was adjusted
2022-03-11 23:12:49,751 Output2 was generated
2022-03-11 23:12:49,752 ComboBoxes was adjusted
2022-03-11 23:12:49,758 Output2 was generated
2022-03-11 23:12:49,760 ComboBoxes was adjusted
2022-03-11 23:12:49,765 Output2 was generated
2022-03-11 23:12:49,767 ComboBoxes was adjusted
2022-03-11 23:12:49,772 Output2 was generated
2022-03-11 23:12:49,774 ComboBoxes was adjusted
2022-03-11 23:12:49,778 Output2 was generated
2022-03-11 23:12:49,781 ComboBoxes was adjusted
2022-03-11 23:12:49,786 Output2 was generated
2022-03-11 23:12:49,788 ComboBoxes was adjusted
2022-03-11 23:12:49,793 Output2 was generated
2022-03-11 23:12:49,804 ComboBoxes was adjusted
2022-03-11 23:12:49,818 Output2 was generated
2022-03-11 23:12:49,821 ComboBoxes was adjusted
2022-03-11 23:12:49,829 Output2 was generated
2022-03-11 23:12:49,831 ComboBoxes was adjusted
2022-03-11 23:12:49,838 Output2 was generated
2022-03-11 23:12:49,847 ComboBoxes was adjusted
2022-03-11 23:12:49,859 Output2 was generated
2022-03-11 23:12:49,862 ComboBoxes was adjusted
2022-03-11 23:12:49,870 Output2 was generated
2022-03-11 23:12:49,884 ComboBoxes was adjusted
2022-03-11 23:12:49,889 Output2 was generated
2022-03-11 23:12:49,900 ComboBoxes was adjusted
2022-03-11 23:12:49,905 Output2 was generated
2022-03-11 23:12:49,922 ComboBoxes was adjusted
2022-03-11 23:12:49,927 Output2 was generated
2022-03-11 23:12:50,202 ComboBoxes was adjusted
2022-03-11 23:12:50,208 Output2 was generated
2022-03-11 23:12:52,756 ComboBoxes was adjusted
2022-03-11 23:12:52,778 Output2 was generated
2022-03-11 23:12:52,782 ComboBoxes was adjusted
2022-03-11 23:12:52,791 Output2 was generated
2022-03-11 23:12:52,794 ComboBoxes was adjusted
2022-03-11 23:12:52,801 Output2 was generated
2022-03-11 23:12:52,807 ComboBoxes was adjusted
2022-03-11 23:12:52,813 Output2 was generated
2022-03-11 23:12:52,815 ComboBoxes was adjusted
2022-03-11 23:12:52,822 Output2 was generated
2022-03-11 23:12:52,824 ComboBoxes was adjusted
2022-03-11 23:12:52,830 Output2 was generated
2022-03-11 23:12:52,833 ComboBoxes was adjusted
2022-03-11 23:12:52,838 Output2 was generated
2022-03-11 23:12:52,839 ComboBoxes was adjusted
2022-03-11 23:12:52,846 Output2 was generated
2022-03-11 23:12:52,848 ComboBoxes was adjusted
2022-03-11 23:12:52,854 Output2 was generated
2022-03-11 23:12:52,856 ComboBoxes was adjusted
2022-03-11 23:12:52,862 Output2 was generated
2022-03-11 23:12:52,874 ComboBoxes was adjusted
2022-03-11 23:12:52,879 Output2 was generated
2022-03-11 23:12:52,889 ComboBoxes was adjusted
2022-03-11 23:12:52,895 Output2 was generated
2022-03-11 23:12:52,904 ComboBoxes was adjusted
2022-03-11 23:12:52,908 Output2 was generated
2022-03-11 23:12:52,927 ComboBoxes was adjusted
2022-03-11 23:12:52,934 Output2 was generated
2022-03-11 23:12:52,948 ComboBoxes was adjusted
2022-03-11 23:12:52,954 Output2 was generated
2022-03-11 23:12:53,022 ComboBoxes was adjusted
2022-03-11 23:12:53,035 Output2 was generated
2022-03-11 23:12:53,142 ComboBoxes was adjusted
2022-03-11 23:12:53,152 Output2 was generated
2022-03-11 23:12:55,471 ComboBoxes was adjusted
2022-03-11 23:12:55,471 ComboBoxes was adjusted
2022-03-11 23:12:57,883 ComboBoxes was adjusted
2022-03-11 23:12:57,892 Output2 was generated
2022-03-11 23:19:07,119 FT Phase component of image1 was added
2022-03-11 23:19:11,122 FT Imaginary Component component of image2 was added
2022-03-11 23:23:42,913 ComboBoxes was adjusted
2022-03-11 23:23:42,924 Output2 was generated
2022-03-11 23:23:47,805 ComboBoxes was adjusted
2022-03-11 23:23:47,817 Output2 was generated
2022-03-11 23:23:49,481 ComboBoxes was adjusted
2022-03-11 23:23:49,505 Output2 was generated
2022-03-11 23:23:49,507 ComboBoxes was adjusted
2022-03-11 23:23:49,518 Output2 was generated
2022-03-11 23:23:49,520 ComboBoxes was adjusted
2022-03-11 23:23:49,529 Output2 was generated
2022-03-11 23:23:49,531 ComboBoxes was adjusted
2022-03-11 23:23:49,540 Output2 was generated
2022-03-11 23:23:49,546 ComboBoxes was adjusted
2022-03-11 23:23:49,555 Output2 was generated
2022-03-11 23:23:49,556 ComboBoxes was adjusted
2022-03-11 23:23:49,565 Output2 was generated
2022-03-11 23:23:49,576 ComboBoxes was adjusted
2022-03-11 23:23:49,584 Output2 was generated
2022-03-11 23:23:49,590 ComboBoxes was adjusted
2022-03-11 23:23:49,600 Output2 was generated
2022-03-11 23:23:49,604 ComboBoxes was adjusted
2022-03-11 23:23:49,612 Output2 was generated
2022-03-11 23:23:49,614 ComboBoxes was adjusted
2022-03-11 23:23:49,622 Output2 was generated
2022-03-11 23:23:49,626 ComboBoxes was adjusted
2022-03-11 23:23:49,635 Output2 was generated
2022-03-11 23:23:49,642 ComboBoxes was adjusted
2022-03-11 23:23:49,655 Output2 was generated
2022-03-11 23:23:49,657 ComboBoxes was adjusted
2022-03-11 23:23:49,666 Output2 was generated
2022-03-11 23:23:49,668 ComboBoxes was adjusted
2022-03-11 23:23:49,676 Output2 was generated
2022-03-11 23:23:49,686 ComboBoxes was adjusted
2022-03-11 23:23:49,694 Output2 was generated
2022-03-11 23:23:49,701 ComboBoxes was adjusted
2022-03-11 23:23:49,710 Output2 was generated
2022-03-11 23:23:49,712 ComboBoxes was adjusted
2022-03-11 23:23:49,722 Output2 was generated
2022-03-11 23:23:49,725 ComboBoxes was adjusted
2022-03-11 23:23:49,740 Output2 was generated
2022-03-11 23:23:49,743 ComboBoxes was adjusted
2022-03-11 23:23:49,755 Output2 was generated
2022-03-11 23:23:49,757 ComboBoxes was adjusted
2022-03-11 23:23:49,765 Output2 was generated
2022-03-11 23:23:49,767 ComboBoxes was adjusted
2022-03-11 23:23:49,778 Output2 was generated
2022-03-11 23:23:49,781 ComboBoxes was adjusted
2022-03-11 23:23:49,791 Output2 was generated
2022-03-11 23:23:49,794 ComboBoxes was adjusted
2022-03-11 23:23:49,808 Output2 was generated
2022-03-11 23:23:49,811 ComboBoxes was adjusted
2022-03-11 23:23:49,827 Output2 was generated
2022-03-11 23:23:49,830 ComboBoxes was adjusted
2022-03-11 23:23:49,841 Output2 was generated
2022-03-11 23:23:49,843 ComboBoxes was adjusted
2022-03-11 23:23:49,853 Output2 was generated
2022-03-11 23:23:49,855 ComboBoxes was adjusted
2022-03-11 23:23:49,864 Output2 was generated
2022-03-11 23:23:49,866 ComboBoxes was adjusted
2022-03-11 23:23:49,875 Output2 was generated
2022-03-11 23:23:49,877 ComboBoxes was adjusted
2022-03-11 23:23:49,885 Output2 was generated
2022-03-11 23:23:49,900 ComboBoxes was adjusted
2022-03-11 23:23:49,917 Output2 was generated
2022-03-11 23:23:49,945 ComboBoxes was adjusted
2022-03-11 23:23:49,971 Output2 was generated
2022-03-11 23:23:49,973 ComboBoxes was adjusted
2022-03-11 23:23:49,984 Output2 was generated
2022-03-11 23:23:49,988 ComboBoxes was adjusted
2022-03-11 23:23:49,997 Output2 was generated
2022-03-11 23:23:50,003 ComboBoxes was adjusted
2022-03-11 23:23:50,012 Output2 was generated
2022-03-11 23:23:50,018 ComboBoxes was adjusted
2022-03-11 23:23:50,026 Output2 was generated
2022-03-11 23:23:50,032 ComboBoxes was adjusted
2022-03-11 23:23:50,040 Output2 was generated
2022-03-11 23:23:50,048 ComboBoxes was adjusted
2022-03-11 23:23:50,056 Output2 was generated
2022-03-11 23:23:50,070 ComboBoxes was adjusted
2022-03-11 23:23:50,098 Output2 was generated
2022-03-11 23:23:50,101 ComboBoxes was adjusted
2022-03-11 23:23:50,113 Output2 was generated
2022-03-11 23:23:50,115 ComboBoxes was adjusted
2022-03-11 23:23:50,124 Output2 was generated
2022-03-11 23:23:50,307 ComboBoxes was adjusted
2022-03-11 23:23:50,334 Output2 was generated
2022-03-11 23:23:50,337 ComboBoxes was adjusted
2022-03-11 23:23:50,348 Output2 was generated
2022-03-11 23:23:50,350 ComboBoxes was adjusted
2022-03-11 23:23:50,358 Output2 was generated
2022-03-11 23:23:50,360 ComboBoxes was adjusted
2022-03-11 23:23:50,369 Output2 was generated
2022-03-11 23:23:50,370 ComboBoxes was adjusted
2022-03-11 23:23:50,379 Output2 was generated
2022-03-11 23:23:50,381 ComboBoxes was adjusted
2022-03-11 23:23:50,390 Output2 was generated
2022-03-11 23:23:50,392 ComboBoxes was adjusted
2022-03-11 23:23:50,400 Output2 was generated
2022-03-11 23:23:50,402 ComboBoxes was adjusted
2022-03-11 23:23:50,410 Output2 was generated
2022-03-11 23:23:50,412 ComboBoxes was adjusted
2022-03-11 23:23:50,421 Output2 was generated
2022-03-11 23:23:50,424 ComboBoxes was adjusted
2022-03-11 23:23:50,433 Output2 was generated
2022-03-11 23:23:50,435 ComboBoxes was adjusted
2022-03-11 23:23:50,443 Output2 was generated
2022-03-11 23:23:50,445 ComboBoxes was adjusted
2022-03-11 23:23:50,454 Output2 was generated
2022-03-11 23:23:50,456 ComboBoxes was adjusted
2022-03-11 23:23:50,464 Output2 was generated
2022-03-11 23:23:50,466 ComboBoxes was adjusted
2022-03-11 23:23:50,475 Output2 was generated
2022-03-11 23:23:50,476 ComboBoxes was adjusted
2022-03-11 23:23:50,485 Output2 was generated
2022-03-11 23:23:50,486 ComboBoxes was adjusted
2022-03-11 23:23:50,495 Output2 was generated
2022-03-11 23:23:50,498 ComboBoxes was adjusted
2022-03-11 23:23:50,507 Output2 was generated
2022-03-11 23:23:50,509 ComboBoxes was adjusted
2022-03-11 23:23:50,517 Output2 was generated
2022-03-11 23:23:52,277 ComboBoxes was adjusted
2022-03-11 23:23:52,290 Output2 was generated
2022-03-11 23:23:52,306 ComboBoxes was adjusted
2022-03-11 23:23:52,316 Output2 was generated
2022-03-11 23:23:52,320 ComboBoxes was adjusted
2022-03-11 23:23:52,328 Output2 was generated
2022-03-11 23:23:52,330 ComboBoxes was adjusted
2022-03-11 23:23:52,339 Output2 was generated
2022-03-11 23:23:52,341 ComboBoxes was adjusted
2022-03-11 23:23:52,349 Output2 was generated
2022-03-11 23:23:52,351 ComboBoxes was adjusted
2022-03-11 23:23:52,359 Output2 was generated
2022-03-11 23:23:52,361 ComboBoxes was adjusted
2022-03-11 23:23:52,370 Output2 was generated
2022-03-11 23:23:52,373 ComboBoxes was adjusted
2022-03-11 23:23:52,382 Output2 was generated
2022-03-11 23:23:52,383 ComboBoxes was adjusted
2022-03-11 23:23:52,391 Output2 was generated
2022-03-11 23:23:52,393 ComboBoxes was adjusted
2022-03-11 23:23:52,403 Output2 was generated
2022-03-11 23:23:52,405 ComboBoxes was adjusted
2022-03-11 23:23:52,413 Output2 was generated
2022-03-11 23:23:52,416 ComboBoxes was adjusted
2022-03-11 23:23:52,425 Output2 was generated
2022-03-11 23:23:52,426 ComboBoxes was adjusted
2022-03-11 23:23:52,434 Output2 was generated
2022-03-11 23:23:52,438 ComboBoxes was adjusted
2022-03-11 23:23:52,447 Output2 was generated
2022-03-11 23:23:52,453 ComboBoxes was adjusted
2022-03-11 23:23:52,462 Output2 was generated
2022-03-11 23:23:52,475 ComboBoxes was adjusted
2022-03-11 23:23:52,484 Output2 was generated
2022-03-11 23:23:52,491 ComboBoxes was adjusted
2022-03-11 23:23:52,499 Output2 was generated
2022-03-11 23:23:52,512 ComboBoxes was adjusted
2022-03-11 23:23:52,521 Output2 was generated
2022-03-11 23:23:52,528 ComboBoxes was adjusted
2022-03-11 23:23:52,535 Output2 was generated
2022-03-11 23:23:52,542 ComboBoxes was adjusted
2022-03-11 23:23:52,551 Output2 was generated
2022-03-11 23:23:52,557 ComboBoxes was adjusted
2022-03-11 23:23:52,566 Output2 was generated
2022-03-11 23:23:52,586 ComboBoxes was adjusted
2022-03-11 23:23:52,594 Output2 was generated
2022-03-11 23:23:52,623 ComboBoxes was adjusted
2022-03-11 23:23:52,632 Output2 was generated
2022-03-11 23:23:52,653 ComboBoxes was adjusted
2022-03-11 23:23:52,662 Output2 was generated
2022-03-11 23:23:52,682 ComboBoxes was adjusted
2022-03-11 23:23:52,691 Output2 was generated
2022-03-11 23:23:52,697 ComboBoxes was adjusted
2022-03-11 23:23:52,705 Output2 was generated
2022-03-11 23:23:52,719 ComboBoxes was adjusted
2022-03-11 23:23:52,727 Output2 was generated
2022-03-11 23:23:52,734 ComboBoxes was adjusted
2022-03-11 23:23:52,742 Output2 was generated
2022-03-11 23:23:52,749 ComboBoxes was adjusted
2022-03-11 23:23:52,757 Output2 was generated
2022-03-11 23:23:52,764 ComboBoxes was adjusted
2022-03-11 23:23:52,772 Output2 was generated
2022-03-11 23:23:52,778 ComboBoxes was adjusted
2022-03-11 23:23:52,787 Output2 was generated
2022-03-11 23:23:52,793 ComboBoxes was adjusted
2022-03-11 23:23:52,802 Output2 was generated
2022-03-11 23:23:52,803 ComboBoxes was adjusted
2022-03-11 23:23:52,812 Output2 was generated
2022-03-11 23:23:52,814 ComboBoxes was adjusted
2022-03-11 23:23:52,823 Output2 was generated
2022-03-11 23:23:52,830 ComboBoxes was adjusted
2022-03-11 23:23:52,839 Output2 was generated
2022-03-11 23:23:52,844 ComboBoxes was adjusted
2022-03-11 23:23:52,854 Output2 was generated
2022-03-11 23:23:52,860 ComboBoxes was adjusted
2022-03-11 23:23:52,869 Output2 was generated
2022-03-11 23:23:52,871 ComboBoxes was adjusted
2022-03-11 23:23:52,879 Output2 was generated
2022-03-11 23:23:52,881 ComboBoxes was adjusted
2022-03-11 23:23:52,890 Output2 was generated
2022-03-11 23:23:52,897 ComboBoxes was adjusted
2022-03-11 23:23:52,906 Output2 was generated
2022-03-11 23:23:52,911 ComboBoxes was adjusted
2022-03-11 23:23:52,919 Output2 was generated
2022-03-11 23:23:53,288 ComboBoxes was adjusted
2022-03-11 23:23:53,301 Output2 was generated
2022-03-11 23:23:53,303 ComboBoxes was adjusted
2022-03-11 23:23:53,312 Output2 was generated
2022-03-11 23:23:53,314 ComboBoxes was adjusted
2022-03-11 23:23:53,322 Output2 was generated
2022-03-11 23:23:53,324 ComboBoxes was adjusted
2022-03-11 23:23:53,333 Output2 was generated
2022-03-11 23:23:53,335 ComboBoxes was adjusted
2022-03-11 23:23:53,343 Output2 was generated
2022-03-11 23:23:53,345 ComboBoxes was adjusted
2022-03-11 23:23:53,354 Output2 was generated
2022-03-11 23:23:53,356 ComboBoxes was adjusted
2022-03-11 23:23:53,365 Output2 was generated
2022-03-11 23:23:53,366 ComboBoxes was adjusted
2022-03-11 23:23:53,375 Output2 was generated
2022-03-11 23:23:53,377 ComboBoxes was adjusted
2022-03-11 23:23:53,386 Output2 was generated
2022-03-11 23:23:53,387 ComboBoxes was adjusted
2022-03-11 23:23:53,397 Output2 was generated
2022-03-11 23:23:53,398 ComboBoxes was adjusted
2022-03-11 23:23:53,407 Output2 was generated
2022-03-11 23:23:53,409 ComboBoxes was adjusted
2022-03-11 23:23:53,418 Output2 was generated
2022-03-11 23:23:53,420 ComboBoxes was adjusted
2022-03-11 23:23:53,428 Output2 was generated
2022-03-11 23:23:53,430 ComboBoxes was adjusted
2022-03-11 23:23:53,439 Output2 was generated
2022-03-11 23:23:53,440 ComboBoxes was adjusted
2022-03-11 23:23:53,450 Output2 was generated
2022-03-11 23:23:53,451 ComboBoxes was adjusted
2022-03-11 23:23:53,460 Output2 was generated
2022-03-11 23:23:53,462 ComboBoxes was adjusted
2022-03-11 23:23:53,470 Output2 was generated
2022-03-11 23:23:53,472 ComboBoxes was adjusted
2022-03-11 23:23:53,481 Output2 was generated
2022-03-11 23:23:53,482 ComboBoxes was adjusted
2022-03-11 23:23:53,491 Output2 was generated
2022-03-11 23:23:53,493 ComboBoxes was adjusted
2022-03-11 23:23:53,501 Output2 was generated
2022-03-11 23:23:53,503 ComboBoxes was adjusted
2022-03-11 23:23:53,510 Output2 was generated
2022-03-11 23:23:53,515 ComboBoxes was adjusted
2022-03-11 23:23:53,524 Output2 was generated
2022-03-11 23:23:53,525 ComboBoxes was adjusted
2022-03-11 23:23:53,535 Output2 was generated
2022-03-11 23:23:53,552 ComboBoxes was adjusted
2022-03-11 23:23:53,576 Output2 was generated
2022-03-11 23:23:53,578 ComboBoxes was adjusted
2022-03-11 23:23:53,591 Output2 was generated
2022-03-11 23:23:53,593 ComboBoxes was adjusted
2022-03-11 23:23:53,603 Output2 was generated
2022-03-11 23:23:53,605 ComboBoxes was adjusted
2022-03-11 23:23:53,614 Output2 was generated
2022-03-11 23:23:53,615 ComboBoxes was adjusted
2022-03-11 23:23:53,624 Output2 was generated
2022-03-11 23:23:53,626 ComboBoxes was adjusted
2022-03-11 23:23:53,635 Output2 was generated
2022-03-11 23:23:53,637 ComboBoxes was adjusted
2022-03-11 23:23:53,645 Output2 was generated
2022-03-11 23:23:53,648 ComboBoxes was adjusted
2022-03-11 23:23:53,656 Output2 was generated
2022-03-11 23:23:53,657 ComboBoxes was adjusted
2022-03-11 23:23:53,666 Output2 was generated
2022-03-11 23:23:53,668 ComboBoxes was adjusted
2022-03-11 23:23:53,677 Output2 was generated
2022-03-11 23:23:53,686 ComboBoxes was adjusted
2022-03-11 23:23:53,694 Output2 was generated
2022-03-11 23:23:53,700 ComboBoxes was adjusted
2022-03-11 23:23:53,708 Output2 was generated
2022-03-11 23:23:53,710 ComboBoxes was adjusted
2022-03-11 23:23:53,719 Output2 was generated
2022-03-11 23:23:53,722 ComboBoxes was adjusted
2022-03-11 23:23:53,731 Output2 was generated
2022-03-11 23:23:53,732 ComboBoxes was adjusted
2022-03-11 23:23:53,740 Output2 was generated
2022-03-11 23:23:53,744 ComboBoxes was adjusted
2022-03-11 23:23:53,753 Output2 was generated
2022-03-11 23:23:53,754 ComboBoxes was adjusted
2022-03-11 23:23:53,764 Output2 was generated
2022-03-11 23:23:53,766 ComboBoxes was adjusted
2022-03-11 23:23:53,775 Output2 was generated
2022-03-11 23:23:53,777 ComboBoxes was adjusted
2022-03-11 23:23:53,785 Output2 was generated
2022-03-11 23:23:53,786 ComboBoxes was adjusted
2022-03-11 23:23:53,795 Output2 was generated
2022-03-11 23:23:53,797 ComboBoxes was adjusted
2022-03-11 23:23:53,806 Output2 was generated
2022-03-11 23:23:53,810 ComboBoxes was adjusted
2022-03-11 23:23:53,820 Output2 was generated
2022-03-11 23:23:53,820 ComboBoxes was adjusted
2022-03-11 23:23:53,830 Output2 was generated
2022-03-11 23:23:53,832 ComboBoxes was adjusted
2022-03-11 23:23:53,841 Output2 was generated
2022-03-11 23:23:53,843 ComboBoxes was adjusted
2022-03-11 23:23:53,854 Output2 was generated
2022-03-11 23:23:54,137 ComboBoxes was adjusted
2022-03-11 23:23:54,164 Output2 was generated
2022-03-11 23:23:54,169 ComboBoxes was adjusted
2022-03-11 23:23:54,189 Output2 was generated
2022-03-11 23:23:54,192 ComboBoxes was adjusted
2022-03-11 23:23:54,210 Output2 was generated
2022-03-11 23:23:54,214 ComboBoxes was adjusted
2022-03-11 23:23:54,233 Output2 was generated
2022-03-11 23:23:54,235 ComboBoxes was adjusted
2022-03-11 23:23:54,253 Output2 was generated
2022-03-11 23:23:54,256 ComboBoxes was adjusted
2022-03-11 23:23:54,275 Output2 was generated
2022-03-11 23:23:54,278 ComboBoxes was adjusted
2022-03-11 23:23:54,298 Output2 was generated
2022-03-11 23:23:54,762 ComboBoxes was adjusted
2022-03-11 23:23:54,788 Output2 was generated
2022-03-11 23:23:54,792 ComboBoxes was adjusted
2022-03-11 23:23:54,817 Output2 was generated
2022-03-11 23:23:54,820 ComboBoxes was adjusted
2022-03-11 23:23:54,838 Output2 was generated
2022-03-11 23:23:54,842 ComboBoxes was adjusted
2022-03-11 23:23:54,860 Output2 was generated
2022-03-11 23:23:54,863 ComboBoxes was adjusted
2022-03-11 23:23:54,886 Output2 was generated
2022-03-11 23:23:54,890 ComboBoxes was adjusted
2022-03-11 23:23:54,906 Output2 was generated
2022-03-11 23:23:54,909 ComboBoxes was adjusted
2022-03-11 23:23:54,927 Output2 was generated
2022-03-11 23:23:54,930 ComboBoxes was adjusted
2022-03-11 23:23:54,948 Output2 was generated
2022-03-11 23:23:54,952 ComboBoxes was adjusted
2022-03-11 23:23:54,978 Output2 was generated
2022-03-11 23:23:54,981 ComboBoxes was adjusted
2022-03-11 23:23:54,998 Output2 was generated
2022-03-11 23:23:55,001 ComboBoxes was adjusted
2022-03-11 23:23:55,022 Output2 was generated
2022-03-11 23:23:55,025 ComboBoxes was adjusted
2022-03-11 23:23:55,042 Output2 was generated
2022-03-11 23:23:55,046 ComboBoxes was adjusted
2022-03-11 23:23:55,064 Output2 was generated
2022-03-11 23:23:55,067 ComboBoxes was adjusted
2022-03-11 23:23:55,084 Output2 was generated
2022-03-11 23:23:55,087 ComboBoxes was adjusted
2022-03-11 23:23:55,105 Output2 was generated
2022-03-11 23:23:55,108 ComboBoxes was adjusted
2022-03-11 23:23:55,125 Output2 was generated
2022-03-11 23:23:55,128 ComboBoxes was adjusted
2022-03-11 23:23:55,145 Output2 was generated
2022-03-11 23:23:55,149 ComboBoxes was adjusted
2022-03-11 23:23:55,165 Output2 was generated
2022-03-11 23:23:55,169 ComboBoxes was adjusted
2022-03-11 23:23:55,187 Output2 was generated
2022-03-11 23:23:55,515 ComboBoxes was adjusted
2022-03-11 23:23:55,534 Output2 was generated
2022-03-11 23:23:55,537 ComboBoxes was adjusted
2022-03-11 23:23:55,555 Output2 was generated
2022-03-11 23:23:55,557 ComboBoxes was adjusted
2022-03-11 23:23:55,577 Output2 was generated
2022-03-11 23:23:55,580 ComboBoxes was adjusted
2022-03-11 23:23:55,599 Output2 was generated
2022-03-11 23:23:55,601 ComboBoxes was adjusted
2022-03-11 23:23:55,633 Output2 was generated
2022-03-11 23:23:55,636 ComboBoxes was adjusted
2022-03-11 23:23:55,656 Output2 was generated
2022-03-11 23:23:55,661 ComboBoxes was adjusted
2022-03-11 23:23:55,701 Output2 was generated
2022-03-11 23:23:55,704 ComboBoxes was adjusted
2022-03-11 23:23:55,727 Output2 was generated
2022-03-11 23:23:59,886 ComboBoxes was adjusted
2022-03-11 23:23:59,904 Output2 was generated
2022-03-11 23:24:03,325 ComboBoxes was adjusted
2022-03-11 23:24:03,340 Output2 was generated
2022-03-11 23:24:09,875 ComboBoxes was adjusted
2022-03-11 23:24:12,598 ComboBoxes was adjusted
2022-03-11 23:24:12,615 Output1 was generated
2022-03-11 23:24:15,172 ComboBoxes was adjusted
2022-03-11 23:24:15,185 Output1 was generated
2022-03-11 23:24:15,187 ComboBoxes was adjusted
2022-03-11 23:24:15,195 Output1 was generated
2022-03-11 23:24:15,201 ComboBoxes was adjusted
2022-03-11 23:24:15,209 Output1 was generated
2022-03-11 23:24:15,215 ComboBoxes was adjusted
2022-03-11 23:24:15,223 Output1 was generated
2022-03-11 23:24:15,231 ComboBoxes was adjusted
2022-03-11 23:24:15,239 Output1 was generated
2022-03-11 23:24:15,241 ComboBoxes was adjusted
2022-03-11 23:24:15,248 Output1 was generated
2022-03-11 23:24:15,250 ComboBoxes was adjusted
2022-03-11 23:24:15,259 Output1 was generated
2022-03-11 23:24:15,268 ComboBoxes was adjusted
2022-03-11 23:24:15,276 Output1 was generated
2022-03-11 23:24:15,277 ComboBoxes was adjusted
2022-03-11 23:24:15,286 Output1 was generated
2022-03-11 23:24:15,288 ComboBoxes was adjusted
2022-03-11 23:24:15,298 Output1 was generated
2022-03-11 23:24:15,299 ComboBoxes was adjusted
2022-03-11 23:24:15,308 Output1 was generated
2022-03-11 23:24:15,310 ComboBoxes was adjusted
2022-03-11 23:24:15,319 Output1 was generated
2022-03-11 23:24:15,321 ComboBoxes was adjusted
2022-03-11 23:24:15,328 Output1 was generated
2022-03-11 23:24:15,330 ComboBoxes was adjusted
2022-03-11 23:24:15,338 Output1 was generated
2022-03-11 23:24:15,340 ComboBoxes was adjusted
2022-03-11 23:24:15,349 Output1 was generated
2022-03-11 23:24:15,371 ComboBoxes was adjusted
2022-03-11 23:24:15,398 Output1 was generated
2022-03-11 23:24:15,696 ComboBoxes was adjusted
2022-03-11 23:24:15,709 Output1 was generated
2022-03-11 23:24:15,718 ComboBoxes was adjusted
2022-03-11 23:24:15,727 Output1 was generated
2022-03-11 23:24:15,729 ComboBoxes was adjusted
2022-03-11 23:24:15,739 Output1 was generated
2022-03-11 23:24:15,741 ComboBoxes was adjusted
2022-03-11 23:24:15,749 Output1 was generated
2022-03-11 23:24:15,750 ComboBoxes was adjusted
2022-03-11 23:24:15,759 Output1 was generated
2022-03-11 23:24:15,762 ComboBoxes was adjusted
2022-03-11 23:24:15,772 Output1 was generated
2022-03-11 23:24:15,774 ComboBoxes was adjusted
2022-03-11 23:24:15,783 Output1 was generated
2022-03-11 23:24:15,785 ComboBoxes was adjusted
2022-03-11 23:24:15,796 Output1 was generated
2022-03-11 23:24:15,798 ComboBoxes was adjusted
2022-03-11 23:24:15,807 Output1 was generated
2022-03-11 23:24:15,809 ComboBoxes was adjusted
2022-03-11 23:24:15,818 Output1 was generated
2022-03-11 23:24:15,820 ComboBoxes was adjusted
2022-03-11 23:24:15,828 Output1 was generated
2022-03-11 23:24:15,830 ComboBoxes was adjusted
2022-03-11 23:24:15,839 Output1 was generated
2022-03-11 23:24:15,841 ComboBoxes was adjusted
2022-03-11 23:24:15,849 Output1 was generated
2022-03-11 23:24:15,851 ComboBoxes was adjusted
2022-03-11 23:24:15,860 Output1 was generated
2022-03-11 23:24:15,879 ComboBoxes was adjusted
2022-03-11 23:24:15,888 Output1 was generated
2022-03-11 23:24:17,058 ComboBoxes was adjusted
2022-03-11 23:24:17,083 Output1 was generated
2022-03-11 23:24:17,572 ComboBoxes was adjusted
2022-03-11 23:24:17,602 Output1 was generated
2022-03-11 23:24:19,183 ComboBoxes was adjusted
2022-03-11 23:24:19,208 Output1 was generated
2022-03-11 23:24:19,370 ComboBoxes was adjusted
2022-03-11 23:24:19,383 Output1 was generated
2022-03-11 23:24:19,806 ComboBoxes was adjusted
2022-03-11 23:24:19,819 Output1 was generated
2022-03-11 23:24:20,013 ComboBoxes was adjusted
2022-03-11 23:24:20,024 Output1 was generated
2022-03-11 23:24:23,068 ComboBoxes was adjusted
2022-03-11 23:24:25,605 ComboBoxes was adjusted
2022-03-11 23:24:25,614 Output1 was generated
2022-03-11 23:24:27,435 ComboBoxes was adjusted
2022-03-11 23:24:27,456 Output1 was generated
2022-03-11 23:24:27,460 ComboBoxes was adjusted
2022-03-11 23:24:27,468 Output1 was generated
2022-03-11 23:24:27,471 ComboBoxes was adjusted
2022-03-11 23:24:27,477 Output1 was generated
2022-03-11 23:24:27,479 ComboBoxes was adjusted
2022-03-11 23:24:27,486 Output1 was generated
2022-03-11 23:24:27,487 ComboBoxes was adjusted
2022-03-11 23:24:27,494 Output1 was generated
2022-03-11 23:24:27,501 ComboBoxes was adjusted
2022-03-11 23:24:27,507 Output1 was generated
2022-03-11 23:24:27,516 ComboBoxes was adjusted
2022-03-11 23:24:27,522 Output1 was generated
2022-03-11 23:24:27,529 ComboBoxes was adjusted
2022-03-11 23:24:27,535 Output1 was generated
2022-03-11 23:24:27,544 ComboBoxes was adjusted
2022-03-11 23:24:27,550 Output1 was generated
2022-03-11 23:24:27,552 ComboBoxes was adjusted
2022-03-11 23:24:27,558 Output1 was generated
2022-03-11 23:24:27,568 ComboBoxes was adjusted
2022-03-11 23:24:27,572 Output1 was generated
2022-03-11 23:24:27,575 ComboBoxes was adjusted
2022-03-11 23:24:27,581 Output1 was generated
2022-03-11 23:24:27,590 ComboBoxes was adjusted
2022-03-11 23:24:27,595 Output1 was generated
2022-03-11 23:24:27,604 ComboBoxes was adjusted
2022-03-11 23:24:27,610 Output1 was generated
2022-03-11 23:24:27,619 ComboBoxes was adjusted
2022-03-11 23:24:27,625 Output1 was generated
2022-03-11 23:24:27,634 ComboBoxes was adjusted
2022-03-11 23:24:27,640 Output1 was generated
2022-03-11 23:24:27,647 ComboBoxes was adjusted
2022-03-11 23:24:27,653 Output1 was generated
2022-03-11 23:24:27,655 ComboBoxes was adjusted
2022-03-11 23:24:27,662 Output1 was generated
2022-03-11 23:24:27,671 ComboBoxes was adjusted
2022-03-11 23:24:27,677 Output1 was generated
2022-03-11 23:24:27,686 ComboBoxes was adjusted
2022-03-11 23:24:27,692 Output1 was generated
2022-03-11 23:24:27,701 ComboBoxes was adjusted
2022-03-11 23:24:27,706 Output1 was generated
2022-03-11 23:24:27,714 ComboBoxes was adjusted
2022-03-11 23:24:27,720 Output1 was generated
2022-03-11 23:24:27,722 ComboBoxes was adjusted
2022-03-11 23:24:27,729 Output1 was generated
2022-03-11 23:24:27,736 ComboBoxes was adjusted
2022-03-11 23:24:27,742 Output1 was generated
2022-03-11 23:24:27,752 ComboBoxes was adjusted
2022-03-11 23:24:27,756 Output1 was generated
2022-03-11 23:24:27,759 ComboBoxes was adjusted
2022-03-11 23:24:27,765 Output1 was generated
2022-03-11 23:24:27,766 ComboBoxes was adjusted
2022-03-11 23:24:27,773 Output1 was generated
2022-03-11 23:24:27,781 ComboBoxes was adjusted
2022-03-11 23:24:27,787 Output1 was generated
2022-03-11 23:24:27,795 ComboBoxes was adjusted
2022-03-11 23:24:27,801 Output1 was generated
2022-03-11 23:24:27,802 ComboBoxes was adjusted
2022-03-11 23:24:27,809 Output1 was generated
2022-03-11 23:24:27,811 ComboBoxes was adjusted
2022-03-11 23:24:27,817 Output1 was generated
2022-03-11 23:24:27,826 ComboBoxes was adjusted
2022-03-11 23:24:27,832 Output1 was generated
2022-03-11 23:24:27,833 ComboBoxes was adjusted
2022-03-11 23:24:27,839 Output1 was generated
2022-03-11 23:24:27,841 ComboBoxes was adjusted
2022-03-11 23:24:27,847 Output1 was generated
2022-03-11 23:24:27,849 ComboBoxes was adjusted
2022-03-11 23:24:27,855 Output1 was generated
2022-03-11 23:24:27,856 ComboBoxes was adjusted
2022-03-11 23:24:27,863 Output1 was generated
2022-03-11 23:24:27,870 ComboBoxes was adjusted
2022-03-11 23:24:27,876 Output1 was generated
2022-03-11 23:24:27,884 ComboBoxes was adjusted
2022-03-11 23:24:27,891 Output1 was generated
2022-03-11 23:24:27,893 ComboBoxes was adjusted
2022-03-11 23:24:27,899 Output1 was generated
2022-03-11 23:24:27,907 ComboBoxes was adjusted
2022-03-11 23:24:27,913 Output1 was generated
2022-03-11 23:24:27,921 ComboBoxes was adjusted
2022-03-11 23:24:27,927 Output1 was generated
2022-03-11 23:24:27,936 ComboBoxes was adjusted
2022-03-11 23:24:27,942 Output1 was generated
2022-03-11 23:24:27,959 ComboBoxes was adjusted
2022-03-11 23:24:27,965 Output1 was generated
2022-03-11 23:24:27,979 ComboBoxes was adjusted
2022-03-11 23:24:27,985 Output1 was generated
2022-03-11 23:24:29,848 ComboBoxes was adjusted
2022-03-11 23:24:29,868 Output1 was generated
2022-03-11 23:24:29,872 ComboBoxes was adjusted
2022-03-11 23:24:29,880 Output1 was generated
2022-03-11 23:24:29,892 ComboBoxes was adjusted
2022-03-11 23:24:29,897 Output1 was generated
2022-03-11 23:24:29,913 ComboBoxes was adjusted
2022-03-11 23:24:29,919 Output1 was generated
2022-03-11 23:24:29,927 ComboBoxes was adjusted
2022-03-11 23:24:29,933 Output1 was generated
2022-03-11 23:24:29,935 ComboBoxes was adjusted
2022-03-11 23:24:29,941 Output1 was generated
2022-03-11 23:24:29,950 ComboBoxes was adjusted
2022-03-11 23:24:29,955 Output1 was generated
2022-03-11 23:24:29,965 ComboBoxes was adjusted
2022-03-11 23:24:29,970 Output1 was generated
2022-03-11 23:24:29,980 ComboBoxes was adjusted
2022-03-11 23:24:29,985 Output1 was generated
2022-03-11 23:24:29,988 ComboBoxes was adjusted
2022-03-11 23:24:29,993 Output1 was generated
2022-03-11 23:24:29,994 ComboBoxes was adjusted
2022-03-11 23:24:30,000 Output1 was generated
2022-03-11 23:24:30,002 ComboBoxes was adjusted
2022-03-11 23:24:30,008 Output1 was generated
2022-03-11 23:24:30,010 ComboBoxes was adjusted
2022-03-11 23:24:30,016 Output1 was generated
2022-03-11 23:24:30,018 ComboBoxes was adjusted
2022-03-11 23:24:30,023 Output1 was generated
2022-03-11 23:24:30,032 ComboBoxes was adjusted
2022-03-11 23:24:30,036 Output1 was generated
2022-03-11 23:24:30,046 ComboBoxes was adjusted
2022-03-11 23:24:30,051 Output1 was generated
2022-03-11 23:24:30,053 ComboBoxes was adjusted
2022-03-11 23:24:30,058 Output1 was generated
2022-03-11 23:24:30,067 ComboBoxes was adjusted
2022-03-11 23:24:30,073 Output1 was generated
2022-03-11 23:24:30,083 ComboBoxes was adjusted
2022-03-11 23:24:30,087 Output1 was generated
2022-03-11 23:24:30,105 ComboBoxes was adjusted
2022-03-11 23:24:30,111 Output1 was generated
2022-03-11 23:24:30,134 ComboBoxes was adjusted
2022-03-11 23:24:30,141 Output1 was generated
2022-03-11 23:24:30,164 ComboBoxes was adjusted
2022-03-11 23:24:30,170 Output1 was generated
2022-03-11 23:24:30,201 ComboBoxes was adjusted
2022-03-11 23:24:30,210 Output1 was generated
2022-03-11 23:24:30,230 ComboBoxes was adjusted
2022-03-11 23:24:30,238 Output1 was generated
2022-03-11 23:24:30,245 ComboBoxes was adjusted
2022-03-11 23:24:30,252 Output1 was generated
2022-03-11 23:24:30,268 ComboBoxes was adjusted
2022-03-11 23:24:30,274 Output1 was generated
2022-03-11 23:24:30,297 ComboBoxes was adjusted
2022-03-11 23:24:30,303 Output1 was generated
2022-03-11 23:24:30,327 ComboBoxes was adjusted
2022-03-11 23:24:30,332 Output1 was generated
2022-03-11 23:24:30,356 ComboBoxes was adjusted
2022-03-11 23:24:30,362 Output1 was generated
2022-03-11 23:24:30,385 ComboBoxes was adjusted
2022-03-11 23:24:30,391 Output1 was generated
2022-03-11 23:24:30,437 ComboBoxes was adjusted
2022-03-11 23:24:30,451 Output1 was generated
2022-03-11 23:24:30,777 ComboBoxes was adjusted
2022-03-11 23:24:30,787 Output1 was generated
2022-03-11 23:24:30,789 ComboBoxes was adjusted
2022-03-11 23:24:30,795 Output1 was generated
2022-03-11 23:24:30,798 ComboBoxes was adjusted
2022-03-11 23:24:30,803 Output1 was generated
2022-03-11 23:24:30,805 ComboBoxes was adjusted
2022-03-11 23:24:30,812 Output1 was generated
2022-03-11 23:24:30,814 ComboBoxes was adjusted
2022-03-11 23:24:30,819 Output1 was generated
2022-03-11 23:24:30,821 ComboBoxes was adjusted
2022-03-11 23:24:30,828 Output1 was generated
2022-03-11 23:24:30,830 ComboBoxes was adjusted
2022-03-11 23:24:30,836 Output1 was generated
2022-03-11 23:24:30,838 ComboBoxes was adjusted
2022-03-11 23:24:30,844 Output1 was generated
2022-03-11 23:24:30,846 ComboBoxes was adjusted
2022-03-11 23:24:30,852 Output1 was generated
2022-03-11 23:24:30,854 ComboBoxes was adjusted
2022-03-11 23:24:30,860 Output1 was generated
2022-03-11 23:24:30,861 ComboBoxes was adjusted
2022-03-11 23:24:30,866 Output1 was generated
2022-03-11 23:24:30,872 ComboBoxes was adjusted
2022-03-11 23:24:30,879 Output1 was generated
2022-03-11 23:24:30,881 ComboBoxes was adjusted
2022-03-11 23:24:30,887 Output1 was generated
2022-03-11 23:24:30,895 ComboBoxes was adjusted
2022-03-11 23:24:30,900 Output1 was generated
2022-03-11 23:24:31,058 ComboBoxes was adjusted
2022-03-11 23:24:31,064 Output1 was generated
2022-03-11 23:24:31,116 ComboBoxes was adjusted
2022-03-11 23:24:31,124 Output1 was generated
2022-03-11 23:24:31,160 ComboBoxes was adjusted
2022-03-11 23:24:31,169 Output1 was generated
2022-03-11 23:24:31,175 ComboBoxes was adjusted
2022-03-11 23:24:31,181 Output1 was generated
2022-03-11 23:24:31,190 ComboBoxes was adjusted
2022-03-11 23:24:31,196 Output1 was generated
2022-03-11 23:24:31,204 ComboBoxes was adjusted
2022-03-11 23:24:31,210 Output1 was generated
2022-03-11 23:24:31,220 ComboBoxes was adjusted
2022-03-11 23:24:31,226 Output1 was generated
2022-03-11 23:24:31,233 ComboBoxes was adjusted
2022-03-11 23:24:31,238 Output1 was generated
2022-03-11 23:24:31,264 ComboBoxes was adjusted
2022-03-11 23:24:31,270 Output1 was generated
2022-03-11 23:24:31,324 ComboBoxes was adjusted
2022-03-11 23:24:31,329 Output1 was generated
2022-03-11 23:24:31,339 ComboBoxes was adjusted
2022-03-11 23:24:31,345 Output1 was generated
2022-03-11 23:24:31,361 ComboBoxes was adjusted
2022-03-11 23:24:31,367 Output1 was generated
2022-03-11 23:24:31,369 ComboBoxes was adjusted
2022-03-11 23:24:31,374 Output1 was generated
2022-03-11 23:24:31,376 ComboBoxes was adjusted
2022-03-11 23:24:31,382 Output1 was generated
2022-03-11 23:24:31,390 ComboBoxes was adjusted
2022-03-11 23:24:31,396 Output1 was generated
2022-03-11 23:24:31,398 ComboBoxes was adjusted
2022-03-11 23:24:31,404 Output1 was generated
2022-03-11 23:24:31,405 ComboBoxes was adjusted
2022-03-11 23:24:31,410 Output1 was generated
2022-03-11 23:24:31,412 ComboBoxes was adjusted
2022-03-11 23:24:31,418 Output1 was generated
2022-03-11 23:24:31,420 ComboBoxes was adjusted
2022-03-11 23:24:31,426 Output1 was generated
2022-03-11 23:24:31,428 ComboBoxes was adjusted
2022-03-11 23:24:31,433 Output1 was generated
2022-03-11 23:24:31,435 ComboBoxes was adjusted
2022-03-11 23:24:31,441 Output1 was generated
2022-03-11 23:24:31,443 ComboBoxes was adjusted
2022-03-11 23:24:31,448 Output1 was generated
2022-03-11 23:24:31,449 ComboBoxes was adjusted
2022-03-11 23:24:31,455 Output1 was generated
2022-03-11 23:24:31,457 ComboBoxes was adjusted
2022-03-11 23:24:31,463 Output1 was generated
2022-03-11 23:24:31,465 ComboBoxes was adjusted
2022-03-11 23:24:31,470 Output1 was generated
2022-03-11 23:24:31,472 ComboBoxes was adjusted
2022-03-11 23:24:31,479 Output1 was generated
2022-03-11 23:24:31,481 ComboBoxes was adjusted
2022-03-11 23:24:31,486 Output1 was generated
2022-03-11 23:24:31,488 ComboBoxes was adjusted
2022-03-11 23:24:31,494 Output1 was generated
2022-03-11 23:24:31,500 ComboBoxes was adjusted
2022-03-11 23:24:31,504 Output1 was generated
2022-03-11 23:24:31,515 ComboBoxes was adjusted
2022-03-11 23:24:31,520 Output1 was generated
2022-03-11 23:24:31,529 ComboBoxes was adjusted
2022-03-11 23:24:31,535 Output1 was generated
2022-03-11 23:24:31,544 ComboBoxes was adjusted
2022-03-11 23:24:31,549 Output1 was generated
